/usr/synopsys/H-2013.03-SP1/auxx/gui/dv/dv_setup.tcl
/usr/synopsys/H-2013.03-SP1/auxx/gui/syn/snpsSynProcs.tcl
/usr/synopsys/H-2013.03-SP1/auxx/tcllib/lib/tcl8.4/package.tcl
/usr/synopsys/H-2013.03-SP1/auxx/gui/syn/layout/pkgIndex.tcl
/usr/synopsys/H-2013.03-SP1/auxx/gui/common/fanoutviewer/pkgIndex.tcl
/usr/synopsys/H-2013.03-SP1/auxx/gui/common/tcl-dp/pkgIndex.tcl
/usr/synopsys/H-2013.03-SP1/auxx/gui/common/setup/pkgIndex.tcl
/usr/synopsys/H-2013.03-SP1/auxx/gui/common/regressionToolkit/pkgIndex.tcl
/usr/synopsys/H-2013.03-SP1/auxx/gui/common/hierarchy/pkgIndex.tcl
/usr/synopsys/H-2013.03-SP1/auxx/gui/common/table/pkgIndex.tcl
/usr/synopsys/H-2013.03-SP1/auxx/gui/common/misc/pkgIndex.tcl
/usr/synopsys/H-2013.03-SP1/auxx/gui/common/qtcl/pkgIndex.tcl
/usr/synopsys/H-2013.03-SP1/auxx/gui/common/layout/pkgIndex.tcl
/usr/synopsys/H-2013.03-SP1/auxx/gui/common/docBrowser/pkgIndex.tcl
/usr/synopsys/H-2013.03-SP1/auxx/gui/common/strokes/pkgIndex.tcl
/usr/synopsys/H-2013.03-SP1/auxx/gui/common/acg/pkgIndex.tcl
/usr/synopsys/H-2013.03-SP1/auxx/gui/common/pathinspector/pkgIndex.tcl
/usr/synopsys/H-2013.03-SP1/auxx/gui/common/view/pkgIndex.tcl
/usr/synopsys/H-2013.03-SP1/auxx/gui/common/opdlg/pkgIndex.tcl
/usr/synopsys/H-2013.03-SP1/auxx/gui/common/histogram/pkgIndex.tcl
/usr/synopsys/H-2013.03-SP1/auxx/gui/common/schematic/pkgIndex.tcl
/usr/synopsys/H-2013.03-SP1/auxx/gui/common/highlight/pkgIndex.tcl
/usr/synopsys/H-2013.03-SP1/auxx/gui/common/select/pkgIndex.tcl
/usr/synopsys/H-2013.03-SP1/auxx/gui/common/timing/pkgIndex.tcl
/usr/synopsys/H-2013.03-SP1/auxx/gui/common/menus/pkgIndex.tcl
/usr/synopsys/H-2013.03-SP1/auxx/gui/common/profiler/pkgIndex.tcl
/usr/synopsys/H-2013.03-SP1/auxx/gui/common/WindowFrameWork/pkgIndex.tcl
/usr/synopsys/H-2013.03-SP1/auxx/gui/common/libviewer/pkgIndex.tcl
/usr/synopsys/H-2013.03-SP1/auxx/gui/common/dialogs/pkgIndex.tcl
/usr/synopsys/H-2013.03-SP1/auxx/gui/dv/pkgIndex.tcl
/usr/synopsys/H-2013.03-SP1/auxx/tcllib/snps_tcl/snpsTclPro/pkgIndex.tcl
/usr/synopsys/H-2013.03-SP1/auxx/tcllib/snps_tcl/snpsUtils/pkgIndex.tcl
/usr/synopsys/H-2013.03-SP1/auxx/tcllib/snps_tcl/snpsTest/pkgIndex.tcl
/usr/synopsys/H-2013.03-SP1/auxx/tcllib/snps_tcl/pkgIndex.tcl
/usr/synopsys/H-2013.03-SP1/auxx/tcllib/lib/tcl8.4/msgcat/pkgIndex.tcl
/usr/synopsys/H-2013.03-SP1/auxx/tcllib/lib/tcl8.4/reg/pkgIndex.tcl
/usr/synopsys/H-2013.03-SP1/auxx/tcllib/lib/tcl8.4/dde/pkgIndex.tcl
/usr/synopsys/H-2013.03-SP1/auxx/tcllib/lib/tcl8.4/tcltest/pkgIndex.tcl
/usr/synopsys/H-2013.03-SP1/auxx/tcllib/lib/tcl8.4/http1.0/pkgIndex.tcl
/usr/synopsys/H-2013.03-SP1/auxx/tcllib/lib/tcl8.4/http/pkgIndex.tcl
/usr/synopsys/H-2013.03-SP1/auxx/tcllib/lib/tcl8.4/opt/pkgIndex.tcl
/usr/synopsys/H-2013.03-SP1/auxx/gui/common/setup/snpsCommonSetup.tcl
/usr/synopsys/H-2013.03-SP1/auxx/gui/common/setup/snpsCustomize.tcl
/usr/synopsys/H-2013.03-SP1/auxx/gui/common/setup/snpsProcheck.tcl
/usr/synopsys/H-2013.03-SP1/auxx/gui/common/qtcl/.synopsys_qtcl.tcl
/usr/synopsys/H-2013.03-SP1/auxx/gui/common/highlight/highlight.tcl
/usr/synopsys/H-2013.03-SP1/auxx/gui/common/misc/base.tcl
/usr/synopsys/H-2013.03-SP1/auxx/gui/common/misc/timing.tcl
/usr/synopsys/H-2013.03-SP1/auxx/gui/common/misc/setting.tcl
/usr/synopsys/H-2013.03-SP1/auxx/gui/common/misc/preset.tcl
/usr/synopsys/H-2013.03-SP1/auxx/gui/common/WindowFrameWork/windowFrameWork.tcl
/usr/synopsys/H-2013.03-SP1/auxx/gui/common/WindowFrameWork/skipBusyCursorCmdList.tcl
/usr/synopsys/H-2013.03-SP1/auxx/gui/common/docBrowser/docBrowser.tcl
/usr/synopsys/H-2013.03-SP1/auxx/tcllib/snps_tcl/snpsUtils/snpsUtils.tcl
/usr/synopsys/H-2013.03-SP1/auxx/gui/common/dialogs/ObjectChooser.tcl
/usr/synopsys/H-2013.03-SP1/auxx/gui/common/misc/DialogObjectChooser.tcl
/usr/synopsys/H-2013.03-SP1/auxx/gui/common/dialogs/HistBinInformation.tcl
/usr/synopsys/H-2013.03-SP1/auxx/gui/common/dialogs/HistBin1Information.tcl
/usr/synopsys/H-2013.03-SP1/auxx/gui/common/dialogs/BinsOnlyInformation.tcl
/usr/synopsys/H-2013.03-SP1/auxx/gui/common/dialogs/FileChooser.tcl
/usr/synopsys/H-2013.03-SP1/auxx/gui/common/dialogs/PathPinSimpleInfo.tcl
/usr/synopsys/H-2013.03-SP1/auxx/gui/common/dialogs/PathsBasicInfo.tcl
/usr/synopsys/H-2013.03-SP1/auxx/gui/common/dialogs/PathsBasicSimpleInfo.tcl
/usr/synopsys/H-2013.03-SP1/auxx/gui/common/dialogs/SlctOperationInfo.tcl
/usr/synopsys/H-2013.03-SP1/auxx/gui/common/dialogs/ObjectListInfo.tcl
/usr/synopsys/H-2013.03-SP1/auxx/gui/common/dialogs/FanInOutInfo.tcl
/usr/synopsys/H-2013.03-SP1/auxx/gui/common/dialogs/NumberOfLevelsChooser.tcl
/usr/synopsys/H-2013.03-SP1/auxx/gui/common/dialogs/WindowReuseInfo.tcl
/usr/synopsys/H-2013.03-SP1/auxx/gui/common/dialogs/ReportOutputOptionInfo.tcl
/usr/synopsys/H-2013.03-SP1/auxx/gui/common/setup/snpsCollections.tcl
/usr/synopsys/H-2013.03-SP1/auxx/gui/common/dialogs/CompileLinkDesign.tcl
/usr/synopsys/H-2013.03-SP1/auxx/gui/common/histogram/DialogEndpointSlack.tcl
/usr/synopsys/H-2013.03-SP1/auxx/gui/common/histogram/DialogPathsSlack.tcl
/usr/synopsys/H-2013.03-SP1/auxx/gui/common/histogram/DialogNetCapacitance.tcl
/usr/synopsys/H-2013.03-SP1/auxx/gui/common/schematic/DialogPathSchematicFanInOut.tcl
/usr/synopsys/H-2013.03-SP1/auxx/gui/common/schematic/DialogPathSchematicAddPaths.tcl
/home/cadence/Desktop/Simple/hw_rap.tcl
/home/cadence/Desktop/synthesis_1/saed32hvt_ss0p7vn40c.db
/usr/synopsys/H-2013.03-SP1/libraries/syn/gtech.db
/usr/synopsys/H-2013.03-SP1/libraries/syn/standard.sldb
/home/cadence/Desktop/Simple/HW/aes.v
/home/cadence/Desktop/Simple/HW/aes.v
/home/cadence/Desktop/Simple/HW/shift_rows.v
/home/cadence/Desktop/Simple/HW/shift_rows.v
/home/cadence/Desktop/Simple/HW/subbytes.v
/home/cadence/Desktop/Simple/HW/subbytes.v
/home/cadence/Desktop/Simple/HW/key_generation.v
/home/cadence/Desktop/Simple/HW/key_generation.v
/home/cadence/Desktop/Simple/HW/add_round_keys.v
/home/cadence/Desktop/Simple/HW/add_round_keys.v
/home/cadence/Desktop/Simple/HW/mixcolumns.v
/home/cadence/Desktop/Simple/HW/mixcolumns.v
/home/cadence/Desktop/Simple/HW/round.v
/home/cadence/Desktop/Simple/HW/round.v
/home/cadence/Desktop/Simple/HW/sbox.v
/home/cadence/Desktop/Simple/HW/sbox.v
/home/cadence/Desktop/Simple/HW/inv_aes.v
/home/cadence/Desktop/Simple/HW/inv_aes.v
/home/cadence/Desktop/Simple/HW/inv_sbox.v
/home/cadence/Desktop/Simple/HW/inv_sbox.v
/home/cadence/Desktop/Simple/HW/generation_keys.v
/home/cadence/Desktop/Simple/HW/generation_keys.v
/home/cadence/Desktop/Simple/HW/inv_add_round_keys.v
/home/cadence/Desktop/Simple/HW/inv_add_round_keys.v
/home/cadence/Desktop/Simple/HW/inv_round.v
/home/cadence/Desktop/Simple/HW/inv_round.v
/home/cadence/Desktop/Simple/HW/inv_mixcolumns.v
/home/cadence/Desktop/Simple/HW/inv_mixcolumns.v
/home/cadence/Desktop/Simple/HW/inv_shift_rows.v
/home/cadence/Desktop/Simple/HW/inv_shift_rows.v
/home/cadence/Desktop/Simple/HW/inv_subbytes.v
/home/cadence/Desktop/Simple/HW/inv_subbytes.v
/home/cadence/Desktop/Simple/HW/encoder.v
/home/cadence/Desktop/Simple/HW/encoder.v
/home/cadence/Desktop/Simple/HW/Cam_Top_level.v
/home/cadence/Desktop/Simple/HW/Cam_Top_level.v
/home/cadence/Desktop/Simple/HW/RAM_memory.v
/home/cadence/Desktop/Simple/HW/RAM_memory.v
/home/cadence/Desktop/Simple/HW/reg_D.v
/home/cadence/Desktop/Simple/HW/reg_D.v
/home/cadence/Desktop/Simple/HW/cde.v
/home/cadence/Desktop/Simple/HW/cde.v
/home/cadence/Desktop/Simple/HW/FSM.v
/home/cadence/Desktop/Simple/HW/FSM.v
/home/cadence/Desktop/Simple/HW/Top_level.v
/home/cadence/Desktop/Simple/HW/Top_level.v
/home/cadence/Desktop/Simple/HW/Hw_wrapper.v
/home/cadence/Desktop/Simple/HW/Hw_wrapper.v
/home/cadence/synopsys_cache_H-2013.03-SP1/DW01/DW01_cmp2/rpl/4/generic_5019/element.ddc
/home/cadence/synopsys_cache_H-2013.03-SP1/DW01/DW01_inc/rpl/4/generic_5019/element.ddc
/home/cadence/synopsys_cache_H-2013.03-SP1/DW01/DW01_cmp2/rpl/4/saed32hvt_ss0p7vn40c_673/element.ddc
/home/cadence/synopsys_cache_H-2013.03-SP1/DW01/DW01_inc/rpl/4/saed32hvt_ss0p7vn40c_673/element.ddc
