alog -O2 -sve   -work keygen $dsn/src/keygen.v
# Warning: The source is compiled without the -dbg switch. Line breakpoints and assertion debug will not be available.
# Compile...
# Pass 1. Scanning modules hierarchy.
# Error: VCP2000 keygen.v : (24, 16): Syntax error. Unexpected token: [. Expected tokens: ':' , '#' , '(' , ',' , ';' ... .
# Error: VCP2000 keygen.v : (25, 16): Syntax error. Unexpected token: [. Expected tokens: ':' , '#' , '(' , ',' , ';' ... .
# Error: VCP2000 keygen.v : (26, 16): Syntax error. Unexpected token: [. Expected tokens: ':' , '#' , '(' , ',' , ';' ... .
# Error: VCP2000 keygen.v : (27, 16): Syntax error. Unexpected token: [. Expected tokens: ':' , '#' , '(' , ',' , ';' ... .
# Warning: VCP2515 keygen.v : (24, 47): Undefined module: sbox was used. Port connection rules will not be checked at such instantiations.
# Compile failure 4 Errors 1 Warnings  Analysis time: 1[s].
alog -O2 -sve   -work keygen $dsn/src/keygen.v
# Warning: The source is compiled without the -dbg switch. Line breakpoints and assertion debug will not be available.
# Compile...
# Pass 1. Scanning modules hierarchy.
# Error: VCP2000 keygen.v : (24, 16): Syntax error. Unexpected token: [. Expected tokens: ':' , '#' , '(' , ',' , ';' ... .
# Error: VCP2000 keygen.v : (25, 16): Syntax error. Unexpected token: [. Expected tokens: ':' , '#' , '(' , ',' , ';' ... .
# Error: VCP2000 keygen.v : (26, 16): Syntax error. Unexpected token: [. Expected tokens: ':' , '#' , '(' , ',' , ';' ... .
# Error: VCP2000 keygen.v : (27, 16): Syntax error. Unexpected token: [. Expected tokens: ':' , '#' , '(' , ',' , ';' ... .
# Warning: VCP2515 keygen.v : (24, 47): Undefined module: sbox was used. Port connection rules will not be checked at such instantiations.
# Compile failure 4 Errors 1 Warnings  Analysis time: 0[s].
alog -O2 -sve   -work keygen $dsn/src/keygen.v
# Warning: The source is compiled without the -dbg switch. Line breakpoints and assertion debug will not be available.
# Compile...
# Pass 1. Scanning modules hierarchy.
# Error: VCP2000 keygen.v : (24, 16): Syntax error. Unexpected token: [. Expected tokens: ':' , '#' , '(' , ',' , ';' ... .
# Error: VCP2000 keygen.v : (25, 16): Syntax error. Unexpected token: [. Expected tokens: ':' , '#' , '(' , ',' , ';' ... .
# Error: VCP2000 keygen.v : (26, 16): Syntax error. Unexpected token: [. Expected tokens: ':' , '#' , '(' , ',' , ';' ... .
# Error: VCP2000 keygen.v : (27, 16): Syntax error. Unexpected token: [. Expected tokens: ':' , '#' , '(' , ',' , ';' ... .
# Error: VCP2630 keygen.v : (32, 32): Part-select direction does not match the declared direction for vector/memory object.
# Error: VCP2630 keygen.v : (33, 32): Part-select direction does not match the declared direction for vector/memory object.
# Error: VCP2630 keygen.v : (34, 32): Part-select direction does not match the declared direction for vector/memory object.
# Error: VCP2630 keygen.v : (35, 32): Part-select direction does not match the declared direction for vector/memory object.
# Warning: VCP2515 keygen.v : (24, 47): Undefined module: sbox was used. Port connection rules will not be checked at such instantiations.
# Compile failure 8 Errors 1 Warnings  Analysis time: 0[s].
alog -O2 -sve   -work keygen $dsn/src/keygen.v
# Warning: The source is compiled without the -dbg switch. Line breakpoints and assertion debug will not be available.
# Compile...
# Pass 1. Scanning modules hierarchy.
# Error: VCP2000 keygen.v : (24, 16): Syntax error. Unexpected token: [. Expected tokens: ':' , '#' , '(' , ',' , ';' ... .
# Error: VCP2000 keygen.v : (25, 16): Syntax error. Unexpected token: [. Expected tokens: ':' , '#' , '(' , ',' , ';' ... .
# Error: VCP2000 keygen.v : (26, 16): Syntax error. Unexpected token: [. Expected tokens: ':' , '#' , '(' , ',' , ';' ... .
# Error: VCP2000 keygen.v : (27, 16): Syntax error. Unexpected token: [. Expected tokens: ':' , '#' , '(' , ',' , ';' ... .
# Error: VCP2630 keygen.v : (32, 32): Part-select direction does not match the declared direction for vector/memory object.
# Error: VCP2630 keygen.v : (33, 32): Part-select direction does not match the declared direction for vector/memory object.
# Error: VCP2630 keygen.v : (34, 32): Part-select direction does not match the declared direction for vector/memory object.
# Error: VCP2630 keygen.v : (35, 32): Part-select direction does not match the declared direction for vector/memory object.
# Warning: VCP2515 keygen.v : (24, 47): Undefined module: sbox was used. Port connection rules will not be checked at such instantiations.
# Compile failure 8 Errors 1 Warnings  Analysis time: 0[s].
alog -O2 -sve   -work keygen $dsn/src/keygen.v
# Warning: The source is compiled without the -dbg switch. Line breakpoints and assertion debug will not be available.
# Compile...
# Pass 1. Scanning modules hierarchy.
# Error: VCP2630 keygen.v : (24, 34): Part-select direction does not match the declared direction for vector/memory object.
# Compile failure 1 Errors 0 Warnings  Analysis time: 0[s].
alog -O2 -sve   -work keygen $dsn/src/keygen.v
# Warning: The source is compiled without the -dbg switch. Line breakpoints and assertion debug will not be available.
# Compile...
# Pass 1. Scanning modules hierarchy.
# Pass 2. Processing instantiations.
# Pass 3. Processing behavioral statements.
# Case expression too large, will not check for overlapping labels (e:/Ahmed/graduation project/aes/keygen/src/keygen.v, ln 63).
# Running Optimizer.
# ELB/DAG code generating.
# Unit top modules: keygen.
# $root top modules: keygen.
# Compile success 0 Errors 0 Warnings  Analysis time: 1[s].
# done
# ELBREAD: Elaboration process.
# ELBREAD: Elaboration time 0.1 [s].
asim -O5 +access +r +m+keygen keygen
# ELBREAD: Elaboration process.
# ELBREAD: You do not have a valid license to run simulation with SLP.
# Contact Aldec for ordering information - sales@aldec.com.
# ELBREAD: Elaboration time 0.0 [s].
# asim: Stack memory: 32MB
# asim: Retval memory: 32MB
# KERNEL: Main thread initiated.
# KERNEL: Kernel process initialization phase.
# KERNEL: Time resolution set to 1ps.
# ELAB2: Elaboration final pass...
# ELAB2: Create instances ...
# ELAB2: Create instances complete.
# SLP: Started
# SLP: Elaboration phase ...
# SLP: Elaboration phase ... skipped, nothing to simulate in SLP mode : 0.1 [s]
# SLP: Finished : 0.2 [s]
# ELAB2: Elaboration final pass complete - time: 1.0 [s].
# KERNEL: Kernel process initialization done.
# Allocation: Simulator allocated 7061 kB (elbread=1023 elab2=5882 kernel=154 sdf=0)
# KERNEL: ASDB file was created in location e:\Ahmed\graduation project\aes\keygen\src\wave.asdb
#  7:44 PM, Saturday, November 23, 2019
#  Simulation has been initialized
#  Selected Top-Level: keygen (keygen)
run 100 ns
# KERNEL: stopped at time: 100 ns
# KERNEL: Simulation has finished. There are no more test vectors to simulate.
# add wave -noreg {/keygen/keyin}
# 1 signal(s) traced.
# Waveform file 'untitled.awc' connected to 'e:/Ahmed/graduation project/aes/keygen/src/wave.asdb'.
# add wave -noreg {/keygen/keyout}
# 1 signal(s) traced.
# add wave -noreg {/keygen/round_num}
# 1 signal(s) traced.
# KERNEL: Error: KERNEL_0066 Value c does not belong to type wire.
# Error: Cannot force signal /keygen/keyin with formula 2b7e151628aed2a6abf7158809cf4f3c.
# KERNEL: Error: KERNEL_0066 Value c does not belong to type wire.
# Error: Cannot force signal /keygen/keyin with formula 2b7e151628aed2a6abf7158809cf4f3c.
# KERNEL: Error: KERNEL_0066 Value c does not belong to type wire.
# Error: Cannot force signal /keygen/keyin with formula 2b7e151628aed2a6abf7158809cf4f3c.
# KERNEL: Error: KERNEL_0066 Value c does not belong to type wire.
# Error: Cannot force signal /keygen/keyin with formula 128'h=2b7e151628aed2a6abf7158809cf4f3c.
run 100 ns
# KERNEL: stopped at time: 200 ns
# KERNEL: Simulation has finished. There are no more test vectors to simulate.
# add wave -noreg {/keygen/round_num}
# KERNEL: Warning: KERNEL_0291 Signal '/keygen/round_num' has already been traced.
# 0 signal(s) traced.
# add wave -noreg {/keygen/keyout}
# KERNEL: Warning: KERNEL_0291 Signal '/keygen/keyout' has already been traced.
# 0 signal(s) traced.
run 100 ns
# KERNEL: stopped at time: 300 ns
# KERNEL: Simulation has finished. There are no more test vectors to simulate.
run 100 ns
# KERNEL: stopped at time: 400 ns
# KERNEL: Simulation has finished. There are no more test vectors to simulate.
# KERNEL: Error: KERNEL_0066 Value b does not belong to type wire.
# Error: Cannot force signal /keygen/keyin with formula 2b.
# KERNEL: Error: KERNEL_0066 Value b does not belong to type wire.
# Error: Cannot force signal /keygen/keyin with formula 2b.
# KERNEL: Error: KERNEL_0066 Value b does not belong to type wire.
# Error: Cannot force signal /keygen/keyin with formula 2b.
# KERNEL: Error: KERNEL_0066 Value b does not belong to type wire.
# Error: Cannot force signal /keygen/keyin with formula 2b.
run 100 ns
# KERNEL: stopped at time: 500 ns
# KERNEL: Simulation has finished. There are no more test vectors to simulate.
# add wave -noreg {/keygen/dummy}
# 1 signal(s) traced.
run 100 ns
# KERNEL: stopped at time: 600 ns
# KERNEL: Simulation has finished. There are no more test vectors to simulate.
alog -O2 -sve   -work keygen $dsn/src/keygen.v
# Warning: The source is compiled without the -dbg switch. Line breakpoints and assertion debug will not be available.
# Compile...
# Pass 1. Scanning modules hierarchy.
# Info: VCP2113 Module \$root found in current working library.
# Pass 2. Processing instantiations.
# Pass 3. Processing behavioral statements.
# Case expression too large, will not check for overlapping labels (e:/Ahmed/graduation project/aes/keygen/src/keygen.v, ln 63).
# Running Optimizer.
# ELB/DAG code generating.
# Info: VCP2113 Module \$root found in current working library.
# Unit top modules: keygen.
# $root top modules: keygen.
# Compile success 0 Errors 0 Warnings  Analysis time: 0[s].
# done
run 100 ns
# KERNEL: stopped at time: 700 ns
# KERNEL: Simulation has finished. There are no more test vectors to simulate.
endsim
#  Simulation has been stopped
asim -O5 +access +r +m+keygen keygen
# ELBREAD: Elaboration process.
# ELBREAD: You do not have a valid license to run simulation with SLP.
# Contact Aldec for ordering information - sales@aldec.com.
# ELBREAD: Elaboration time 0.0 [s].
# asim: Stack memory: 32MB
# asim: Retval memory: 32MB
# KERNEL: Main thread initiated.
# KERNEL: Kernel process initialization phase.
# KERNEL: Time resolution set to 1ps.
# ELAB2: Elaboration final pass...
# ELAB2: Create instances ...
# ELAB2: Create instances complete.
# SLP: Started
# SLP: Elaboration phase ...
# SLP: Elaboration phase ... skipped, nothing to simulate in SLP mode : 0.0 [s]
# SLP: Finished : 0.1 [s]
# ELAB2: Elaboration final pass complete - time: 0.1 [s].
# KERNEL: Kernel process initialization done.
# Allocation: Simulator allocated 7061 kB (elbread=1023 elab2=5882 kernel=154 sdf=0)
# KERNEL: ASDB file was created in location e:\Ahmed\graduation project\aes\keygen\src\wave.asdb
#  8:11 PM, Saturday, November 23, 2019
#  Simulation has been initialized
#  Selected Top-Level: keygen (keygen)
# Waveform file 'untitled.awc' connected to 'e:/Ahmed/graduation project/aes/keygen/src/wave.asdb'.
run 100 ns
# KERNEL: stopped at time: 100 ns
# KERNEL: Simulation has finished. There are no more test vectors to simulate.
# add wave -noreg {/keygen/keyin}
# 1 signal(s) traced.
# add wave -noreg {/keygen/keyout}
# 1 signal(s) traced.
# add wave -noreg {/keygen/dummy}
# 1 signal(s) traced.
endsim
#  Simulation has been stopped
alog -O2 -sve   -work keygen $dsn/src/keygen.v
# Warning: The source is compiled without the -dbg switch. Line breakpoints and assertion debug will not be available.
# Compile...
# Pass 1. Scanning modules hierarchy.
# Info: VCP2113 Module \$root found in current working library.
# Pass 2. Processing instantiations.
# Pass 3. Processing behavioral statements.
# Warning: VCP2641 keygen.v : (54, 10): Redundant digits given in number 4'h10.
# Case expression too large, will not check for overlapping labels (e:/Ahmed/graduation project/aes/keygen/src/keygen.v, ln 63).
# Running Optimizer.
# ELB/DAG code generating.
# Info: VCP2113 Module \$root found in current working library.
# Unit top modules: keygen.
# $root top modules: keygen.
# Compile success 0 Errors 1 Warnings  Analysis time: 0[s].
# done
asim -O5 +access +r +m+keygen keygen
# ELBREAD: Elaboration process.
# ELBREAD: You do not have a valid license to run simulation with SLP.
# Contact Aldec for ordering information - sales@aldec.com.
# ELBREAD: Elaboration time 0.0 [s].
# asim: Stack memory: 32MB
# asim: Retval memory: 32MB
# KERNEL: Main thread initiated.
# KERNEL: Kernel process initialization phase.
# KERNEL: Time resolution set to 1ps.
# ELAB2: Elaboration final pass...
# ELAB2: Create instances ...
# ELAB2: Create instances complete.
# SLP: Started
# SLP: Elaboration phase ...
# SLP: Elaboration phase ... skipped, nothing to simulate in SLP mode : 0.0 [s]
# SLP: Finished : 0.1 [s]
# ELAB2: Elaboration final pass complete - time: 0.1 [s].
# KERNEL: Kernel process initialization done.
# Allocation: Simulator allocated 7061 kB (elbread=1023 elab2=5882 kernel=154 sdf=0)
# KERNEL: ASDB file was created in location e:\Ahmed\graduation project\aes\keygen\src\wave.asdb
#  8:14 PM, Saturday, November 23, 2019
#  Simulation has been initialized
#  Selected Top-Level: keygen (keygen)
# Waveform file 'untitled.awc' connected to 'e:/Ahmed/graduation project/aes/keygen/src/wave.asdb'.
run 100 ns
# KERNEL: stopped at time: 100 ns
# KERNEL: Simulation has finished. There are no more test vectors to simulate.
#  Simulation has been stopped
