 
****************************************
check_design summary:
Version:     H-2013.03-SP1
Date:        Thu Aug 23 06:54:12 2018
****************************************

                   Name                                            Total
--------------------------------------------------------------------------------
Inputs/Outputs                                                    260
    Unconnected ports (LINT-28)                                     1
    Feedthrough (LINT-29)                                         257
    Shorted outputs (LINT-31)                                       2

Cells                                                             261
    Cells do not drive (LINT-1)                                     4
    Connected to power or ground (LINT-32)                        128
    Nets connected to multiple pins on same cell (LINT-33)        129

Nets                                                                1
    Unloaded nets (LINT-2)                                          1
--------------------------------------------------------------------------------

Warning: In design 'FSM', cell 'B_22' does not drive any nets. (LINT-1)
Warning: In design 'FSM', cell 'B_23' does not drive any nets. (LINT-1)
Warning: In design 'FSM', cell 'B_24' does not drive any nets. (LINT-1)
Warning: In design 'aes', cell 'C1905' does not drive any nets. (LINT-1)
Warning: In design 'Hw_wrapper', net 'R1/L1/dec_busy' driven by pin 'R1/L1/DEC/busy' has no loads. (LINT-2)
Warning: In design 'RAM_memory', port 'clk' is not connected to any nets. (LINT-28)
Warning: In design 'encoder_2_1', input port 'input_unencoded[1]' is connected directly to output port 'output_encoded'. (LINT-29)
Warning: In design 'shift_rows', input port 'in[127]' is connected directly to output port 'out[127]'. (LINT-29)
Warning: In design 'shift_rows', input port 'in[126]' is connected directly to output port 'out[126]'. (LINT-29)
Warning: In design 'shift_rows', input port 'in[125]' is connected directly to output port 'out[125]'. (LINT-29)
Warning: In design 'shift_rows', input port 'in[124]' is connected directly to output port 'out[124]'. (LINT-29)
Warning: In design 'shift_rows', input port 'in[123]' is connected directly to output port 'out[123]'. (LINT-29)
Warning: In design 'shift_rows', input port 'in[122]' is connected directly to output port 'out[122]'. (LINT-29)
Warning: In design 'shift_rows', input port 'in[121]' is connected directly to output port 'out[121]'. (LINT-29)
Warning: In design 'shift_rows', input port 'in[120]' is connected directly to output port 'out[120]'. (LINT-29)
Warning: In design 'shift_rows', input port 'in[119]' is connected directly to output port 'out[23]'. (LINT-29)
Warning: In design 'shift_rows', input port 'in[118]' is connected directly to output port 'out[22]'. (LINT-29)
Warning: In design 'shift_rows', input port 'in[117]' is connected directly to output port 'out[21]'. (LINT-29)
Warning: In design 'shift_rows', input port 'in[116]' is connected directly to output port 'out[20]'. (LINT-29)
Warning: In design 'shift_rows', input port 'in[115]' is connected directly to output port 'out[19]'. (LINT-29)
Warning: In design 'shift_rows', input port 'in[114]' is connected directly to output port 'out[18]'. (LINT-29)
Warning: In design 'shift_rows', input port 'in[113]' is connected directly to output port 'out[17]'. (LINT-29)
Warning: In design 'shift_rows', input port 'in[112]' is connected directly to output port 'out[16]'. (LINT-29)
Warning: In design 'shift_rows', input port 'in[111]' is connected directly to output port 'out[47]'. (LINT-29)
Warning: In design 'shift_rows', input port 'in[110]' is connected directly to output port 'out[46]'. (LINT-29)
Warning: In design 'shift_rows', input port 'in[109]' is connected directly to output port 'out[45]'. (LINT-29)
Warning: In design 'shift_rows', input port 'in[108]' is connected directly to output port 'out[44]'. (LINT-29)
Warning: In design 'shift_rows', input port 'in[107]' is connected directly to output port 'out[43]'. (LINT-29)
Warning: In design 'shift_rows', input port 'in[106]' is connected directly to output port 'out[42]'. (LINT-29)
Warning: In design 'shift_rows', input port 'in[105]' is connected directly to output port 'out[41]'. (LINT-29)
Warning: In design 'shift_rows', input port 'in[104]' is connected directly to output port 'out[40]'. (LINT-29)
Warning: In design 'shift_rows', input port 'in[103]' is connected directly to output port 'out[71]'. (LINT-29)
Warning: In design 'shift_rows', input port 'in[102]' is connected directly to output port 'out[70]'. (LINT-29)
Warning: In design 'shift_rows', input port 'in[101]' is connected directly to output port 'out[69]'. (LINT-29)
Warning: In design 'shift_rows', input port 'in[100]' is connected directly to output port 'out[68]'. (LINT-29)
Warning: In design 'shift_rows', input port 'in[99]' is connected directly to output port 'out[67]'. (LINT-29)
Warning: In design 'shift_rows', input port 'in[98]' is connected directly to output port 'out[66]'. (LINT-29)
Warning: In design 'shift_rows', input port 'in[97]' is connected directly to output port 'out[65]'. (LINT-29)
Warning: In design 'shift_rows', input port 'in[96]' is connected directly to output port 'out[64]'. (LINT-29)
Warning: In design 'shift_rows', input port 'in[95]' is connected directly to output port 'out[95]'. (LINT-29)
Warning: In design 'shift_rows', input port 'in[94]' is connected directly to output port 'out[94]'. (LINT-29)
Warning: In design 'shift_rows', input port 'in[93]' is connected directly to output port 'out[93]'. (LINT-29)
Warning: In design 'shift_rows', input port 'in[92]' is connected directly to output port 'out[92]'. (LINT-29)
Warning: In design 'shift_rows', input port 'in[91]' is connected directly to output port 'out[91]'. (LINT-29)
Warning: In design 'shift_rows', input port 'in[90]' is connected directly to output port 'out[90]'. (LINT-29)
Warning: In design 'shift_rows', input port 'in[89]' is connected directly to output port 'out[89]'. (LINT-29)
Warning: In design 'shift_rows', input port 'in[88]' is connected directly to output port 'out[88]'. (LINT-29)
Warning: In design 'shift_rows', input port 'in[87]' is connected directly to output port 'out[119]'. (LINT-29)
Warning: In design 'shift_rows', input port 'in[86]' is connected directly to output port 'out[118]'. (LINT-29)
Warning: In design 'shift_rows', input port 'in[85]' is connected directly to output port 'out[117]'. (LINT-29)
Warning: In design 'shift_rows', input port 'in[84]' is connected directly to output port 'out[116]'. (LINT-29)
Warning: In design 'shift_rows', input port 'in[83]' is connected directly to output port 'out[115]'. (LINT-29)
Warning: In design 'shift_rows', input port 'in[82]' is connected directly to output port 'out[114]'. (LINT-29)
Warning: In design 'shift_rows', input port 'in[81]' is connected directly to output port 'out[113]'. (LINT-29)
Warning: In design 'shift_rows', input port 'in[80]' is connected directly to output port 'out[112]'. (LINT-29)
Warning: In design 'shift_rows', input port 'in[79]' is connected directly to output port 'out[15]'. (LINT-29)
Warning: In design 'shift_rows', input port 'in[78]' is connected directly to output port 'out[14]'. (LINT-29)
Warning: In design 'shift_rows', input port 'in[77]' is connected directly to output port 'out[13]'. (LINT-29)
Warning: In design 'shift_rows', input port 'in[76]' is connected directly to output port 'out[12]'. (LINT-29)
Warning: In design 'shift_rows', input port 'in[75]' is connected directly to output port 'out[11]'. (LINT-29)
Warning: In design 'shift_rows', input port 'in[74]' is connected directly to output port 'out[10]'. (LINT-29)
Warning: In design 'shift_rows', input port 'in[73]' is connected directly to output port 'out[9]'. (LINT-29)
Warning: In design 'shift_rows', input port 'in[72]' is connected directly to output port 'out[8]'. (LINT-29)
Warning: In design 'shift_rows', input port 'in[71]' is connected directly to output port 'out[39]'. (LINT-29)
Warning: In design 'shift_rows', input port 'in[70]' is connected directly to output port 'out[38]'. (LINT-29)
Warning: In design 'shift_rows', input port 'in[69]' is connected directly to output port 'out[37]'. (LINT-29)
Warning: In design 'shift_rows', input port 'in[68]' is connected directly to output port 'out[36]'. (LINT-29)
Warning: In design 'shift_rows', input port 'in[67]' is connected directly to output port 'out[35]'. (LINT-29)
Warning: In design 'shift_rows', input port 'in[66]' is connected directly to output port 'out[34]'. (LINT-29)
Warning: In design 'shift_rows', input port 'in[65]' is connected directly to output port 'out[33]'. (LINT-29)
Warning: In design 'shift_rows', input port 'in[64]' is connected directly to output port 'out[32]'. (LINT-29)
Warning: In design 'shift_rows', input port 'in[63]' is connected directly to output port 'out[63]'. (LINT-29)
Warning: In design 'shift_rows', input port 'in[62]' is connected directly to output port 'out[62]'. (LINT-29)
Warning: In design 'shift_rows', input port 'in[61]' is connected directly to output port 'out[61]'. (LINT-29)
Warning: In design 'shift_rows', input port 'in[60]' is connected directly to output port 'out[60]'. (LINT-29)
Warning: In design 'shift_rows', input port 'in[59]' is connected directly to output port 'out[59]'. (LINT-29)
Warning: In design 'shift_rows', input port 'in[58]' is connected directly to output port 'out[58]'. (LINT-29)
Warning: In design 'shift_rows', input port 'in[57]' is connected directly to output port 'out[57]'. (LINT-29)
Warning: In design 'shift_rows', input port 'in[56]' is connected directly to output port 'out[56]'. (LINT-29)
Warning: In design 'shift_rows', input port 'in[55]' is connected directly to output port 'out[87]'. (LINT-29)
Warning: In design 'shift_rows', input port 'in[54]' is connected directly to output port 'out[86]'. (LINT-29)
Warning: In design 'shift_rows', input port 'in[53]' is connected directly to output port 'out[85]'. (LINT-29)
Warning: In design 'shift_rows', input port 'in[52]' is connected directly to output port 'out[84]'. (LINT-29)
Warning: In design 'shift_rows', input port 'in[51]' is connected directly to output port 'out[83]'. (LINT-29)
Warning: In design 'shift_rows', input port 'in[50]' is connected directly to output port 'out[82]'. (LINT-29)
Warning: In design 'shift_rows', input port 'in[49]' is connected directly to output port 'out[81]'. (LINT-29)
Warning: In design 'shift_rows', input port 'in[48]' is connected directly to output port 'out[80]'. (LINT-29)
Warning: In design 'shift_rows', input port 'in[47]' is connected directly to output port 'out[111]'. (LINT-29)
Warning: In design 'shift_rows', input port 'in[46]' is connected directly to output port 'out[110]'. (LINT-29)
Warning: In design 'shift_rows', input port 'in[45]' is connected directly to output port 'out[109]'. (LINT-29)
Warning: In design 'shift_rows', input port 'in[44]' is connected directly to output port 'out[108]'. (LINT-29)
Warning: In design 'shift_rows', input port 'in[43]' is connected directly to output port 'out[107]'. (LINT-29)
Warning: In design 'shift_rows', input port 'in[42]' is connected directly to output port 'out[106]'. (LINT-29)
Warning: In design 'shift_rows', input port 'in[41]' is connected directly to output port 'out[105]'. (LINT-29)
Warning: In design 'shift_rows', input port 'in[40]' is connected directly to output port 'out[104]'. (LINT-29)
Warning: In design 'shift_rows', input port 'in[39]' is connected directly to output port 'out[7]'. (LINT-29)
Warning: In design 'shift_rows', input port 'in[38]' is connected directly to output port 'out[6]'. (LINT-29)
Warning: In design 'shift_rows', input port 'in[37]' is connected directly to output port 'out[5]'. (LINT-29)
Warning: In design 'shift_rows', input port 'in[36]' is connected directly to output port 'out[4]'. (LINT-29)
Warning: In design 'shift_rows', input port 'in[35]' is connected directly to output port 'out[3]'. (LINT-29)
Warning: In design 'shift_rows', input port 'in[34]' is connected directly to output port 'out[2]'. (LINT-29)
Warning: In design 'shift_rows', input port 'in[33]' is connected directly to output port 'out[1]'. (LINT-29)
Warning: In design 'shift_rows', input port 'in[32]' is connected directly to output port 'out[0]'. (LINT-29)
Warning: In design 'shift_rows', input port 'in[31]' is connected directly to output port 'out[31]'. (LINT-29)
Warning: In design 'shift_rows', input port 'in[30]' is connected directly to output port 'out[30]'. (LINT-29)
Warning: In design 'shift_rows', input port 'in[29]' is connected directly to output port 'out[29]'. (LINT-29)
Warning: In design 'shift_rows', input port 'in[28]' is connected directly to output port 'out[28]'. (LINT-29)
Warning: In design 'shift_rows', input port 'in[27]' is connected directly to output port 'out[27]'. (LINT-29)
Warning: In design 'shift_rows', input port 'in[26]' is connected directly to output port 'out[26]'. (LINT-29)
Warning: In design 'shift_rows', input port 'in[25]' is connected directly to output port 'out[25]'. (LINT-29)
Warning: In design 'shift_rows', input port 'in[24]' is connected directly to output port 'out[24]'. (LINT-29)
Warning: In design 'shift_rows', input port 'in[23]' is connected directly to output port 'out[55]'. (LINT-29)
Warning: In design 'shift_rows', input port 'in[22]' is connected directly to output port 'out[54]'. (LINT-29)
Warning: In design 'shift_rows', input port 'in[21]' is connected directly to output port 'out[53]'. (LINT-29)
Warning: In design 'shift_rows', input port 'in[20]' is connected directly to output port 'out[52]'. (LINT-29)
Warning: In design 'shift_rows', input port 'in[19]' is connected directly to output port 'out[51]'. (LINT-29)
Warning: In design 'shift_rows', input port 'in[18]' is connected directly to output port 'out[50]'. (LINT-29)
Warning: In design 'shift_rows', input port 'in[17]' is connected directly to output port 'out[49]'. (LINT-29)
Warning: In design 'shift_rows', input port 'in[16]' is connected directly to output port 'out[48]'. (LINT-29)
Warning: In design 'shift_rows', input port 'in[15]' is connected directly to output port 'out[79]'. (LINT-29)
Warning: In design 'shift_rows', input port 'in[14]' is connected directly to output port 'out[78]'. (LINT-29)
Warning: In design 'shift_rows', input port 'in[13]' is connected directly to output port 'out[77]'. (LINT-29)
Warning: In design 'shift_rows', input port 'in[12]' is connected directly to output port 'out[76]'. (LINT-29)
Warning: In design 'shift_rows', input port 'in[11]' is connected directly to output port 'out[75]'. (LINT-29)
Warning: In design 'shift_rows', input port 'in[10]' is connected directly to output port 'out[74]'. (LINT-29)
Warning: In design 'shift_rows', input port 'in[9]' is connected directly to output port 'out[73]'. (LINT-29)
Warning: In design 'shift_rows', input port 'in[8]' is connected directly to output port 'out[72]'. (LINT-29)
Warning: In design 'shift_rows', input port 'in[7]' is connected directly to output port 'out[103]'. (LINT-29)
Warning: In design 'shift_rows', input port 'in[6]' is connected directly to output port 'out[102]'. (LINT-29)
Warning: In design 'shift_rows', input port 'in[5]' is connected directly to output port 'out[101]'. (LINT-29)
Warning: In design 'shift_rows', input port 'in[4]' is connected directly to output port 'out[100]'. (LINT-29)
Warning: In design 'shift_rows', input port 'in[3]' is connected directly to output port 'out[99]'. (LINT-29)
Warning: In design 'shift_rows', input port 'in[2]' is connected directly to output port 'out[98]'. (LINT-29)
Warning: In design 'shift_rows', input port 'in[1]' is connected directly to output port 'out[97]'. (LINT-29)
Warning: In design 'shift_rows', input port 'in[0]' is connected directly to output port 'out[96]'. (LINT-29)
Warning: In design 'inv_shift_rows', input port 'in[127]' is connected directly to output port 'out[127]'. (LINT-29)
Warning: In design 'inv_shift_rows', input port 'in[126]' is connected directly to output port 'out[126]'. (LINT-29)
Warning: In design 'inv_shift_rows', input port 'in[125]' is connected directly to output port 'out[125]'. (LINT-29)
Warning: In design 'inv_shift_rows', input port 'in[124]' is connected directly to output port 'out[124]'. (LINT-29)
Warning: In design 'inv_shift_rows', input port 'in[123]' is connected directly to output port 'out[123]'. (LINT-29)
Warning: In design 'inv_shift_rows', input port 'in[122]' is connected directly to output port 'out[122]'. (LINT-29)
Warning: In design 'inv_shift_rows', input port 'in[121]' is connected directly to output port 'out[121]'. (LINT-29)
Warning: In design 'inv_shift_rows', input port 'in[120]' is connected directly to output port 'out[120]'. (LINT-29)
Warning: In design 'inv_shift_rows', input port 'in[119]' is connected directly to output port 'out[87]'. (LINT-29)
Warning: In design 'inv_shift_rows', input port 'in[118]' is connected directly to output port 'out[86]'. (LINT-29)
Warning: In design 'inv_shift_rows', input port 'in[117]' is connected directly to output port 'out[85]'. (LINT-29)
Warning: In design 'inv_shift_rows', input port 'in[116]' is connected directly to output port 'out[84]'. (LINT-29)
Warning: In design 'inv_shift_rows', input port 'in[115]' is connected directly to output port 'out[83]'. (LINT-29)
Warning: In design 'inv_shift_rows', input port 'in[114]' is connected directly to output port 'out[82]'. (LINT-29)
Warning: In design 'inv_shift_rows', input port 'in[113]' is connected directly to output port 'out[81]'. (LINT-29)
Warning: In design 'inv_shift_rows', input port 'in[112]' is connected directly to output port 'out[80]'. (LINT-29)
Warning: In design 'inv_shift_rows', input port 'in[111]' is connected directly to output port 'out[47]'. (LINT-29)
Warning: In design 'inv_shift_rows', input port 'in[110]' is connected directly to output port 'out[46]'. (LINT-29)
Warning: In design 'inv_shift_rows', input port 'in[109]' is connected directly to output port 'out[45]'. (LINT-29)
Warning: In design 'inv_shift_rows', input port 'in[108]' is connected directly to output port 'out[44]'. (LINT-29)
Warning: In design 'inv_shift_rows', input port 'in[107]' is connected directly to output port 'out[43]'. (LINT-29)
Warning: In design 'inv_shift_rows', input port 'in[106]' is connected directly to output port 'out[42]'. (LINT-29)
Warning: In design 'inv_shift_rows', input port 'in[105]' is connected directly to output port 'out[41]'. (LINT-29)
Warning: In design 'inv_shift_rows', input port 'in[104]' is connected directly to output port 'out[40]'. (LINT-29)
Warning: In design 'inv_shift_rows', input port 'in[103]' is connected directly to output port 'out[7]'. (LINT-29)
Warning: In design 'inv_shift_rows', input port 'in[102]' is connected directly to output port 'out[6]'. (LINT-29)
Warning: In design 'inv_shift_rows', input port 'in[101]' is connected directly to output port 'out[5]'. (LINT-29)
Warning: In design 'inv_shift_rows', input port 'in[100]' is connected directly to output port 'out[4]'. (LINT-29)
Warning: In design 'inv_shift_rows', input port 'in[99]' is connected directly to output port 'out[3]'. (LINT-29)
Warning: In design 'inv_shift_rows', input port 'in[98]' is connected directly to output port 'out[2]'. (LINT-29)
Warning: In design 'inv_shift_rows', input port 'in[97]' is connected directly to output port 'out[1]'. (LINT-29)
Warning: In design 'inv_shift_rows', input port 'in[96]' is connected directly to output port 'out[0]'. (LINT-29)
Warning: In design 'inv_shift_rows', input port 'in[95]' is connected directly to output port 'out[95]'. (LINT-29)
Warning: In design 'inv_shift_rows', input port 'in[94]' is connected directly to output port 'out[94]'. (LINT-29)
Warning: In design 'inv_shift_rows', input port 'in[93]' is connected directly to output port 'out[93]'. (LINT-29)
Warning: In design 'inv_shift_rows', input port 'in[92]' is connected directly to output port 'out[92]'. (LINT-29)
Warning: In design 'inv_shift_rows', input port 'in[91]' is connected directly to output port 'out[91]'. (LINT-29)
Warning: In design 'inv_shift_rows', input port 'in[90]' is connected directly to output port 'out[90]'. (LINT-29)
Warning: In design 'inv_shift_rows', input port 'in[89]' is connected directly to output port 'out[89]'. (LINT-29)
Warning: In design 'inv_shift_rows', input port 'in[88]' is connected directly to output port 'out[88]'. (LINT-29)
Warning: In design 'inv_shift_rows', input port 'in[87]' is connected directly to output port 'out[55]'. (LINT-29)
Warning: In design 'inv_shift_rows', input port 'in[86]' is connected directly to output port 'out[54]'. (LINT-29)
Warning: In design 'inv_shift_rows', input port 'in[85]' is connected directly to output port 'out[53]'. (LINT-29)
Warning: In design 'inv_shift_rows', input port 'in[84]' is connected directly to output port 'out[52]'. (LINT-29)
Warning: In design 'inv_shift_rows', input port 'in[83]' is connected directly to output port 'out[51]'. (LINT-29)
Warning: In design 'inv_shift_rows', input port 'in[82]' is connected directly to output port 'out[50]'. (LINT-29)
Warning: In design 'inv_shift_rows', input port 'in[81]' is connected directly to output port 'out[49]'. (LINT-29)
Warning: In design 'inv_shift_rows', input port 'in[80]' is connected directly to output port 'out[48]'. (LINT-29)
Warning: In design 'inv_shift_rows', input port 'in[79]' is connected directly to output port 'out[15]'. (LINT-29)
Warning: In design 'inv_shift_rows', input port 'in[78]' is connected directly to output port 'out[14]'. (LINT-29)
Warning: In design 'inv_shift_rows', input port 'in[77]' is connected directly to output port 'out[13]'. (LINT-29)
Warning: In design 'inv_shift_rows', input port 'in[76]' is connected directly to output port 'out[12]'. (LINT-29)
Warning: In design 'inv_shift_rows', input port 'in[75]' is connected directly to output port 'out[11]'. (LINT-29)
Warning: In design 'inv_shift_rows', input port 'in[74]' is connected directly to output port 'out[10]'. (LINT-29)
Warning: In design 'inv_shift_rows', input port 'in[73]' is connected directly to output port 'out[9]'. (LINT-29)
Warning: In design 'inv_shift_rows', input port 'in[72]' is connected directly to output port 'out[8]'. (LINT-29)
Warning: In design 'inv_shift_rows', input port 'in[71]' is connected directly to output port 'out[103]'. (LINT-29)
Warning: In design 'inv_shift_rows', input port 'in[70]' is connected directly to output port 'out[102]'. (LINT-29)
Warning: In design 'inv_shift_rows', input port 'in[69]' is connected directly to output port 'out[101]'. (LINT-29)
Warning: In design 'inv_shift_rows', input port 'in[68]' is connected directly to output port 'out[100]'. (LINT-29)
Warning: In design 'inv_shift_rows', input port 'in[67]' is connected directly to output port 'out[99]'. (LINT-29)
Warning: In design 'inv_shift_rows', input port 'in[66]' is connected directly to output port 'out[98]'. (LINT-29)
Warning: In design 'inv_shift_rows', input port 'in[65]' is connected directly to output port 'out[97]'. (LINT-29)
Warning: In design 'inv_shift_rows', input port 'in[64]' is connected directly to output port 'out[96]'. (LINT-29)
Warning: In design 'inv_shift_rows', input port 'in[63]' is connected directly to output port 'out[63]'. (LINT-29)
Warning: In design 'inv_shift_rows', input port 'in[62]' is connected directly to output port 'out[62]'. (LINT-29)
Warning: In design 'inv_shift_rows', input port 'in[61]' is connected directly to output port 'out[61]'. (LINT-29)
Warning: In design 'inv_shift_rows', input port 'in[60]' is connected directly to output port 'out[60]'. (LINT-29)
Warning: In design 'inv_shift_rows', input port 'in[59]' is connected directly to output port 'out[59]'. (LINT-29)
Warning: In design 'inv_shift_rows', input port 'in[58]' is connected directly to output port 'out[58]'. (LINT-29)
Warning: In design 'inv_shift_rows', input port 'in[57]' is connected directly to output port 'out[57]'. (LINT-29)
Warning: In design 'inv_shift_rows', input port 'in[56]' is connected directly to output port 'out[56]'. (LINT-29)
Warning: In design 'inv_shift_rows', input port 'in[55]' is connected directly to output port 'out[23]'. (LINT-29)
Warning: In design 'inv_shift_rows', input port 'in[54]' is connected directly to output port 'out[22]'. (LINT-29)
Warning: In design 'inv_shift_rows', input port 'in[53]' is connected directly to output port 'out[21]'. (LINT-29)
Warning: In design 'inv_shift_rows', input port 'in[52]' is connected directly to output port 'out[20]'. (LINT-29)
Warning: In design 'inv_shift_rows', input port 'in[51]' is connected directly to output port 'out[19]'. (LINT-29)
Warning: In design 'inv_shift_rows', input port 'in[50]' is connected directly to output port 'out[18]'. (LINT-29)
Warning: In design 'inv_shift_rows', input port 'in[49]' is connected directly to output port 'out[17]'. (LINT-29)
Warning: In design 'inv_shift_rows', input port 'in[48]' is connected directly to output port 'out[16]'. (LINT-29)
Warning: In design 'inv_shift_rows', input port 'in[47]' is connected directly to output port 'out[111]'. (LINT-29)
Warning: In design 'inv_shift_rows', input port 'in[46]' is connected directly to output port 'out[110]'. (LINT-29)
Warning: In design 'inv_shift_rows', input port 'in[45]' is connected directly to output port 'out[109]'. (LINT-29)
Warning: In design 'inv_shift_rows', input port 'in[44]' is connected directly to output port 'out[108]'. (LINT-29)
Warning: In design 'inv_shift_rows', input port 'in[43]' is connected directly to output port 'out[107]'. (LINT-29)
Warning: In design 'inv_shift_rows', input port 'in[42]' is connected directly to output port 'out[106]'. (LINT-29)
Warning: In design 'inv_shift_rows', input port 'in[41]' is connected directly to output port 'out[105]'. (LINT-29)
Warning: In design 'inv_shift_rows', input port 'in[40]' is connected directly to output port 'out[104]'. (LINT-29)
Warning: In design 'inv_shift_rows', input port 'in[39]' is connected directly to output port 'out[71]'. (LINT-29)
Warning: In design 'inv_shift_rows', input port 'in[38]' is connected directly to output port 'out[70]'. (LINT-29)
Warning: In design 'inv_shift_rows', input port 'in[37]' is connected directly to output port 'out[69]'. (LINT-29)
Warning: In design 'inv_shift_rows', input port 'in[36]' is connected directly to output port 'out[68]'. (LINT-29)
Warning: In design 'inv_shift_rows', input port 'in[35]' is connected directly to output port 'out[67]'. (LINT-29)
Warning: In design 'inv_shift_rows', input port 'in[34]' is connected directly to output port 'out[66]'. (LINT-29)
Warning: In design 'inv_shift_rows', input port 'in[33]' is connected directly to output port 'out[65]'. (LINT-29)
Warning: In design 'inv_shift_rows', input port 'in[32]' is connected directly to output port 'out[64]'. (LINT-29)
Warning: In design 'inv_shift_rows', input port 'in[31]' is connected directly to output port 'out[31]'. (LINT-29)
Warning: In design 'inv_shift_rows', input port 'in[30]' is connected directly to output port 'out[30]'. (LINT-29)
Warning: In design 'inv_shift_rows', input port 'in[29]' is connected directly to output port 'out[29]'. (LINT-29)
Warning: In design 'inv_shift_rows', input port 'in[28]' is connected directly to output port 'out[28]'. (LINT-29)
Warning: In design 'inv_shift_rows', input port 'in[27]' is connected directly to output port 'out[27]'. (LINT-29)
Warning: In design 'inv_shift_rows', input port 'in[26]' is connected directly to output port 'out[26]'. (LINT-29)
Warning: In design 'inv_shift_rows', input port 'in[25]' is connected directly to output port 'out[25]'. (LINT-29)
Warning: In design 'inv_shift_rows', input port 'in[24]' is connected directly to output port 'out[24]'. (LINT-29)
Warning: In design 'inv_shift_rows', input port 'in[23]' is connected directly to output port 'out[119]'. (LINT-29)
Warning: In design 'inv_shift_rows', input port 'in[22]' is connected directly to output port 'out[118]'. (LINT-29)
Warning: In design 'inv_shift_rows', input port 'in[21]' is connected directly to output port 'out[117]'. (LINT-29)
Warning: In design 'inv_shift_rows', input port 'in[20]' is connected directly to output port 'out[116]'. (LINT-29)
Warning: In design 'inv_shift_rows', input port 'in[19]' is connected directly to output port 'out[115]'. (LINT-29)
Warning: In design 'inv_shift_rows', input port 'in[18]' is connected directly to output port 'out[114]'. (LINT-29)
Warning: In design 'inv_shift_rows', input port 'in[17]' is connected directly to output port 'out[113]'. (LINT-29)
Warning: In design 'inv_shift_rows', input port 'in[16]' is connected directly to output port 'out[112]'. (LINT-29)
Warning: In design 'inv_shift_rows', input port 'in[15]' is connected directly to output port 'out[79]'. (LINT-29)
Warning: In design 'inv_shift_rows', input port 'in[14]' is connected directly to output port 'out[78]'. (LINT-29)
Warning: In design 'inv_shift_rows', input port 'in[13]' is connected directly to output port 'out[77]'. (LINT-29)
Warning: In design 'inv_shift_rows', input port 'in[12]' is connected directly to output port 'out[76]'. (LINT-29)
Warning: In design 'inv_shift_rows', input port 'in[11]' is connected directly to output port 'out[75]'. (LINT-29)
Warning: In design 'inv_shift_rows', input port 'in[10]' is connected directly to output port 'out[74]'. (LINT-29)
Warning: In design 'inv_shift_rows', input port 'in[9]' is connected directly to output port 'out[73]'. (LINT-29)
Warning: In design 'inv_shift_rows', input port 'in[8]' is connected directly to output port 'out[72]'. (LINT-29)
Warning: In design 'inv_shift_rows', input port 'in[7]' is connected directly to output port 'out[39]'. (LINT-29)
Warning: In design 'inv_shift_rows', input port 'in[6]' is connected directly to output port 'out[38]'. (LINT-29)
Warning: In design 'inv_shift_rows', input port 'in[5]' is connected directly to output port 'out[37]'. (LINT-29)
Warning: In design 'inv_shift_rows', input port 'in[4]' is connected directly to output port 'out[36]'. (LINT-29)
Warning: In design 'inv_shift_rows', input port 'in[3]' is connected directly to output port 'out[35]'. (LINT-29)
Warning: In design 'inv_shift_rows', input port 'in[2]' is connected directly to output port 'out[34]'. (LINT-29)
Warning: In design 'inv_shift_rows', input port 'in[1]' is connected directly to output port 'out[33]'. (LINT-29)
Warning: In design 'inv_shift_rows', input port 'in[0]' is connected directly to output port 'out[32]'. (LINT-29)
Warning: In design 'FSM', output port 'boot_load_reg' is connected directly to output port 'pass_enc_reg'. (LINT-31)
Warning: In design 'FSM', output port 'flash_acc_reg' is connected directly to output port 'flash_pass_reg'. (LINT-31)
Warning: In design 'cde', a pin on submodule 'DEC' is connected to logic 1 or logic 0. (LINT-32)
   Pin 'local_key[127]' is connected to logic 0. 
Warning: In design 'cde', a pin on submodule 'DEC' is connected to logic 1 or logic 0. (LINT-32)
   Pin 'local_key[126]' is connected to logic 0. 
Warning: In design 'cde', a pin on submodule 'DEC' is connected to logic 1 or logic 0. (LINT-32)
   Pin 'local_key[125]' is connected to logic 0. 
Warning: In design 'cde', a pin on submodule 'DEC' is connected to logic 1 or logic 0. (LINT-32)
   Pin 'local_key[124]' is connected to logic 0. 
Warning: In design 'cde', a pin on submodule 'DEC' is connected to logic 1 or logic 0. (LINT-32)
   Pin 'local_key[123]' is connected to logic 0. 
Warning: In design 'cde', a pin on submodule 'DEC' is connected to logic 1 or logic 0. (LINT-32)
   Pin 'local_key[122]' is connected to logic 0. 
Warning: In design 'cde', a pin on submodule 'DEC' is connected to logic 1 or logic 0. (LINT-32)
   Pin 'local_key[121]' is connected to logic 0. 
Warning: In design 'cde', a pin on submodule 'DEC' is connected to logic 1 or logic 0. (LINT-32)
   Pin 'local_key[120]' is connected to logic 0. 
Warning: In design 'cde', a pin on submodule 'DEC' is connected to logic 1 or logic 0. (LINT-32)
   Pin 'local_key[119]' is connected to logic 0. 
Warning: In design 'cde', a pin on submodule 'DEC' is connected to logic 1 or logic 0. (LINT-32)
   Pin 'local_key[118]' is connected to logic 0. 
Warning: In design 'cde', a pin on submodule 'DEC' is connected to logic 1 or logic 0. (LINT-32)
   Pin 'local_key[117]' is connected to logic 0. 
Warning: In design 'cde', a pin on submodule 'DEC' is connected to logic 1 or logic 0. (LINT-32)
   Pin 'local_key[116]' is connected to logic 0. 
Warning: In design 'cde', a pin on submodule 'DEC' is connected to logic 1 or logic 0. (LINT-32)
   Pin 'local_key[115]' is connected to logic 0. 
Warning: In design 'cde', a pin on submodule 'DEC' is connected to logic 1 or logic 0. (LINT-32)
   Pin 'local_key[114]' is connected to logic 0. 
Warning: In design 'cde', a pin on submodule 'DEC' is connected to logic 1 or logic 0. (LINT-32)
   Pin 'local_key[113]' is connected to logic 0. 
Warning: In design 'cde', a pin on submodule 'DEC' is connected to logic 1 or logic 0. (LINT-32)
   Pin 'local_key[112]' is connected to logic 0. 
Warning: In design 'cde', a pin on submodule 'DEC' is connected to logic 1 or logic 0. (LINT-32)
   Pin 'local_key[111]' is connected to logic 0. 
Warning: In design 'cde', a pin on submodule 'DEC' is connected to logic 1 or logic 0. (LINT-32)
   Pin 'local_key[110]' is connected to logic 0. 
Warning: In design 'cde', a pin on submodule 'DEC' is connected to logic 1 or logic 0. (LINT-32)
   Pin 'local_key[109]' is connected to logic 0. 
Warning: In design 'cde', a pin on submodule 'DEC' is connected to logic 1 or logic 0. (LINT-32)
   Pin 'local_key[108]' is connected to logic 0. 
Warning: In design 'cde', a pin on submodule 'DEC' is connected to logic 1 or logic 0. (LINT-32)
   Pin 'local_key[107]' is connected to logic 0. 
Warning: In design 'cde', a pin on submodule 'DEC' is connected to logic 1 or logic 0. (LINT-32)
   Pin 'local_key[106]' is connected to logic 0. 
Warning: In design 'cde', a pin on submodule 'DEC' is connected to logic 1 or logic 0. (LINT-32)
   Pin 'local_key[105]' is connected to logic 0. 
Warning: In design 'cde', a pin on submodule 'DEC' is connected to logic 1 or logic 0. (LINT-32)
   Pin 'local_key[104]' is connected to logic 0. 
Warning: In design 'cde', a pin on submodule 'DEC' is connected to logic 1 or logic 0. (LINT-32)
   Pin 'local_key[103]' is connected to logic 0. 
Warning: In design 'cde', a pin on submodule 'DEC' is connected to logic 1 or logic 0. (LINT-32)
   Pin 'local_key[102]' is connected to logic 0. 
Warning: In design 'cde', a pin on submodule 'DEC' is connected to logic 1 or logic 0. (LINT-32)
   Pin 'local_key[101]' is connected to logic 0. 
Warning: In design 'cde', a pin on submodule 'DEC' is connected to logic 1 or logic 0. (LINT-32)
   Pin 'local_key[100]' is connected to logic 0. 
Warning: In design 'cde', a pin on submodule 'DEC' is connected to logic 1 or logic 0. (LINT-32)
   Pin 'local_key[99]' is connected to logic 0. 
Warning: In design 'cde', a pin on submodule 'DEC' is connected to logic 1 or logic 0. (LINT-32)
   Pin 'local_key[98]' is connected to logic 0. 
Warning: In design 'cde', a pin on submodule 'DEC' is connected to logic 1 or logic 0. (LINT-32)
   Pin 'local_key[97]' is connected to logic 0. 
Warning: In design 'cde', a pin on submodule 'DEC' is connected to logic 1 or logic 0. (LINT-32)
   Pin 'local_key[96]' is connected to logic 0. 
Warning: In design 'cde', a pin on submodule 'DEC' is connected to logic 1 or logic 0. (LINT-32)
   Pin 'local_key[95]' is connected to logic 0. 
Warning: In design 'cde', a pin on submodule 'DEC' is connected to logic 1 or logic 0. (LINT-32)
   Pin 'local_key[94]' is connected to logic 0. 
Warning: In design 'cde', a pin on submodule 'DEC' is connected to logic 1 or logic 0. (LINT-32)
   Pin 'local_key[93]' is connected to logic 0. 
Warning: In design 'cde', a pin on submodule 'DEC' is connected to logic 1 or logic 0. (LINT-32)
   Pin 'local_key[92]' is connected to logic 0. 
Warning: In design 'cde', a pin on submodule 'DEC' is connected to logic 1 or logic 0. (LINT-32)
   Pin 'local_key[91]' is connected to logic 0. 
Warning: In design 'cde', a pin on submodule 'DEC' is connected to logic 1 or logic 0. (LINT-32)
   Pin 'local_key[90]' is connected to logic 0. 
Warning: In design 'cde', a pin on submodule 'DEC' is connected to logic 1 or logic 0. (LINT-32)
   Pin 'local_key[89]' is connected to logic 0. 
Warning: In design 'cde', a pin on submodule 'DEC' is connected to logic 1 or logic 0. (LINT-32)
   Pin 'local_key[88]' is connected to logic 0. 
Warning: In design 'cde', a pin on submodule 'DEC' is connected to logic 1 or logic 0. (LINT-32)
   Pin 'local_key[87]' is connected to logic 0. 
Warning: In design 'cde', a pin on submodule 'DEC' is connected to logic 1 or logic 0. (LINT-32)
   Pin 'local_key[86]' is connected to logic 0. 
Warning: In design 'cde', a pin on submodule 'DEC' is connected to logic 1 or logic 0. (LINT-32)
   Pin 'local_key[85]' is connected to logic 0. 
Warning: In design 'cde', a pin on submodule 'DEC' is connected to logic 1 or logic 0. (LINT-32)
   Pin 'local_key[84]' is connected to logic 0. 
Warning: In design 'cde', a pin on submodule 'DEC' is connected to logic 1 or logic 0. (LINT-32)
   Pin 'local_key[83]' is connected to logic 0. 
Warning: In design 'cde', a pin on submodule 'DEC' is connected to logic 1 or logic 0. (LINT-32)
   Pin 'local_key[82]' is connected to logic 0. 
Warning: In design 'cde', a pin on submodule 'DEC' is connected to logic 1 or logic 0. (LINT-32)
   Pin 'local_key[81]' is connected to logic 0. 
Warning: In design 'cde', a pin on submodule 'DEC' is connected to logic 1 or logic 0. (LINT-32)
   Pin 'local_key[80]' is connected to logic 0. 
Warning: In design 'cde', a pin on submodule 'DEC' is connected to logic 1 or logic 0. (LINT-32)
   Pin 'local_key[79]' is connected to logic 0. 
Warning: In design 'cde', a pin on submodule 'DEC' is connected to logic 1 or logic 0. (LINT-32)
   Pin 'local_key[78]' is connected to logic 0. 
Warning: In design 'cde', a pin on submodule 'DEC' is connected to logic 1 or logic 0. (LINT-32)
   Pin 'local_key[77]' is connected to logic 0. 
Warning: In design 'cde', a pin on submodule 'DEC' is connected to logic 1 or logic 0. (LINT-32)
   Pin 'local_key[76]' is connected to logic 0. 
Warning: In design 'cde', a pin on submodule 'DEC' is connected to logic 1 or logic 0. (LINT-32)
   Pin 'local_key[75]' is connected to logic 0. 
Warning: In design 'cde', a pin on submodule 'DEC' is connected to logic 1 or logic 0. (LINT-32)
   Pin 'local_key[74]' is connected to logic 0. 
Warning: In design 'cde', a pin on submodule 'DEC' is connected to logic 1 or logic 0. (LINT-32)
   Pin 'local_key[73]' is connected to logic 0. 
Warning: In design 'cde', a pin on submodule 'DEC' is connected to logic 1 or logic 0. (LINT-32)
   Pin 'local_key[72]' is connected to logic 0. 
Warning: In design 'cde', a pin on submodule 'DEC' is connected to logic 1 or logic 0. (LINT-32)
   Pin 'local_key[71]' is connected to logic 0. 
Warning: In design 'cde', a pin on submodule 'DEC' is connected to logic 1 or logic 0. (LINT-32)
   Pin 'local_key[70]' is connected to logic 0. 
Warning: In design 'cde', a pin on submodule 'DEC' is connected to logic 1 or logic 0. (LINT-32)
   Pin 'local_key[69]' is connected to logic 0. 
Warning: In design 'cde', a pin on submodule 'DEC' is connected to logic 1 or logic 0. (LINT-32)
   Pin 'local_key[68]' is connected to logic 0. 
Warning: In design 'cde', a pin on submodule 'DEC' is connected to logic 1 or logic 0. (LINT-32)
   Pin 'local_key[67]' is connected to logic 0. 
Warning: In design 'cde', a pin on submodule 'DEC' is connected to logic 1 or logic 0. (LINT-32)
   Pin 'local_key[66]' is connected to logic 0. 
Warning: In design 'cde', a pin on submodule 'DEC' is connected to logic 1 or logic 0. (LINT-32)
   Pin 'local_key[65]' is connected to logic 0. 
Warning: In design 'cde', a pin on submodule 'DEC' is connected to logic 1 or logic 0. (LINT-32)
   Pin 'local_key[64]' is connected to logic 0. 
Warning: In design 'cde', a pin on submodule 'DEC' is connected to logic 1 or logic 0. (LINT-32)
   Pin 'local_key[63]' is connected to logic 0. 
Warning: In design 'cde', a pin on submodule 'DEC' is connected to logic 1 or logic 0. (LINT-32)
   Pin 'local_key[62]' is connected to logic 0. 
Warning: In design 'cde', a pin on submodule 'DEC' is connected to logic 1 or logic 0. (LINT-32)
   Pin 'local_key[61]' is connected to logic 0. 
Warning: In design 'cde', a pin on submodule 'DEC' is connected to logic 1 or logic 0. (LINT-32)
   Pin 'local_key[60]' is connected to logic 0. 
Warning: In design 'cde', a pin on submodule 'DEC' is connected to logic 1 or logic 0. (LINT-32)
   Pin 'local_key[59]' is connected to logic 0. 
Warning: In design 'cde', a pin on submodule 'DEC' is connected to logic 1 or logic 0. (LINT-32)
   Pin 'local_key[58]' is connected to logic 0. 
Warning: In design 'cde', a pin on submodule 'DEC' is connected to logic 1 or logic 0. (LINT-32)
   Pin 'local_key[57]' is connected to logic 0. 
Warning: In design 'cde', a pin on submodule 'DEC' is connected to logic 1 or logic 0. (LINT-32)
   Pin 'local_key[56]' is connected to logic 0. 
Warning: In design 'cde', a pin on submodule 'DEC' is connected to logic 1 or logic 0. (LINT-32)
   Pin 'local_key[55]' is connected to logic 0. 
Warning: In design 'cde', a pin on submodule 'DEC' is connected to logic 1 or logic 0. (LINT-32)
   Pin 'local_key[54]' is connected to logic 0. 
Warning: In design 'cde', a pin on submodule 'DEC' is connected to logic 1 or logic 0. (LINT-32)
   Pin 'local_key[53]' is connected to logic 0. 
Warning: In design 'cde', a pin on submodule 'DEC' is connected to logic 1 or logic 0. (LINT-32)
   Pin 'local_key[52]' is connected to logic 0. 
Warning: In design 'cde', a pin on submodule 'DEC' is connected to logic 1 or logic 0. (LINT-32)
   Pin 'local_key[51]' is connected to logic 0. 
Warning: In design 'cde', a pin on submodule 'DEC' is connected to logic 1 or logic 0. (LINT-32)
   Pin 'local_key[50]' is connected to logic 0. 
Warning: In design 'cde', a pin on submodule 'DEC' is connected to logic 1 or logic 0. (LINT-32)
   Pin 'local_key[49]' is connected to logic 0. 
Warning: In design 'cde', a pin on submodule 'DEC' is connected to logic 1 or logic 0. (LINT-32)
   Pin 'local_key[48]' is connected to logic 0. 
Warning: In design 'cde', a pin on submodule 'DEC' is connected to logic 1 or logic 0. (LINT-32)
   Pin 'local_key[47]' is connected to logic 0. 
Warning: In design 'cde', a pin on submodule 'DEC' is connected to logic 1 or logic 0. (LINT-32)
   Pin 'local_key[46]' is connected to logic 0. 
Warning: In design 'cde', a pin on submodule 'DEC' is connected to logic 1 or logic 0. (LINT-32)
   Pin 'local_key[45]' is connected to logic 0. 
Warning: In design 'cde', a pin on submodule 'DEC' is connected to logic 1 or logic 0. (LINT-32)
   Pin 'local_key[44]' is connected to logic 0. 
Warning: In design 'cde', a pin on submodule 'DEC' is connected to logic 1 or logic 0. (LINT-32)
   Pin 'local_key[43]' is connected to logic 0. 
Warning: In design 'cde', a pin on submodule 'DEC' is connected to logic 1 or logic 0. (LINT-32)
   Pin 'local_key[42]' is connected to logic 0. 
Warning: In design 'cde', a pin on submodule 'DEC' is connected to logic 1 or logic 0. (LINT-32)
   Pin 'local_key[41]' is connected to logic 0. 
Warning: In design 'cde', a pin on submodule 'DEC' is connected to logic 1 or logic 0. (LINT-32)
   Pin 'local_key[40]' is connected to logic 0. 
Warning: In design 'cde', a pin on submodule 'DEC' is connected to logic 1 or logic 0. (LINT-32)
   Pin 'local_key[39]' is connected to logic 0. 
Warning: In design 'cde', a pin on submodule 'DEC' is connected to logic 1 or logic 0. (LINT-32)
   Pin 'local_key[38]' is connected to logic 0. 
Warning: In design 'cde', a pin on submodule 'DEC' is connected to logic 1 or logic 0. (LINT-32)
   Pin 'local_key[37]' is connected to logic 0. 
Warning: In design 'cde', a pin on submodule 'DEC' is connected to logic 1 or logic 0. (LINT-32)
   Pin 'local_key[36]' is connected to logic 0. 
Warning: In design 'cde', a pin on submodule 'DEC' is connected to logic 1 or logic 0. (LINT-32)
   Pin 'local_key[35]' is connected to logic 0. 
Warning: In design 'cde', a pin on submodule 'DEC' is connected to logic 1 or logic 0. (LINT-32)
   Pin 'local_key[34]' is connected to logic 0. 
Warning: In design 'cde', a pin on submodule 'DEC' is connected to logic 1 or logic 0. (LINT-32)
   Pin 'local_key[33]' is connected to logic 0. 
Warning: In design 'cde', a pin on submodule 'DEC' is connected to logic 1 or logic 0. (LINT-32)
   Pin 'local_key[32]' is connected to logic 0. 
Warning: In design 'cde', a pin on submodule 'DEC' is connected to logic 1 or logic 0. (LINT-32)
   Pin 'local_key[31]' is connected to logic 0. 
Warning: In design 'cde', a pin on submodule 'DEC' is connected to logic 1 or logic 0. (LINT-32)
   Pin 'local_key[30]' is connected to logic 0. 
Warning: In design 'cde', a pin on submodule 'DEC' is connected to logic 1 or logic 0. (LINT-32)
   Pin 'local_key[29]' is connected to logic 0. 
Warning: In design 'cde', a pin on submodule 'DEC' is connected to logic 1 or logic 0. (LINT-32)
   Pin 'local_key[28]' is connected to logic 0. 
Warning: In design 'cde', a pin on submodule 'DEC' is connected to logic 1 or logic 0. (LINT-32)
   Pin 'local_key[27]' is connected to logic 0. 
Warning: In design 'cde', a pin on submodule 'DEC' is connected to logic 1 or logic 0. (LINT-32)
   Pin 'local_key[26]' is connected to logic 0. 
Warning: In design 'cde', a pin on submodule 'DEC' is connected to logic 1 or logic 0. (LINT-32)
   Pin 'local_key[25]' is connected to logic 0. 
Warning: In design 'cde', a pin on submodule 'DEC' is connected to logic 1 or logic 0. (LINT-32)
   Pin 'local_key[24]' is connected to logic 0. 
Warning: In design 'cde', a pin on submodule 'DEC' is connected to logic 1 or logic 0. (LINT-32)
   Pin 'local_key[23]' is connected to logic 0. 
Warning: In design 'cde', a pin on submodule 'DEC' is connected to logic 1 or logic 0. (LINT-32)
   Pin 'local_key[22]' is connected to logic 0. 
Warning: In design 'cde', a pin on submodule 'DEC' is connected to logic 1 or logic 0. (LINT-32)
   Pin 'local_key[21]' is connected to logic 0. 
Warning: In design 'cde', a pin on submodule 'DEC' is connected to logic 1 or logic 0. (LINT-32)
   Pin 'local_key[20]' is connected to logic 0. 
Warning: In design 'cde', a pin on submodule 'DEC' is connected to logic 1 or logic 0. (LINT-32)
   Pin 'local_key[19]' is connected to logic 0. 
Warning: In design 'cde', a pin on submodule 'DEC' is connected to logic 1 or logic 0. (LINT-32)
   Pin 'local_key[18]' is connected to logic 0. 
Warning: In design 'cde', a pin on submodule 'DEC' is connected to logic 1 or logic 0. (LINT-32)
   Pin 'local_key[17]' is connected to logic 0. 
Warning: In design 'cde', a pin on submodule 'DEC' is connected to logic 1 or logic 0. (LINT-32)
   Pin 'local_key[16]' is connected to logic 0. 
Warning: In design 'cde', a pin on submodule 'DEC' is connected to logic 1 or logic 0. (LINT-32)
   Pin 'local_key[15]' is connected to logic 0. 
Warning: In design 'cde', a pin on submodule 'DEC' is connected to logic 1 or logic 0. (LINT-32)
   Pin 'local_key[14]' is connected to logic 0. 
Warning: In design 'cde', a pin on submodule 'DEC' is connected to logic 1 or logic 0. (LINT-32)
   Pin 'local_key[13]' is connected to logic 0. 
Warning: In design 'cde', a pin on submodule 'DEC' is connected to logic 1 or logic 0. (LINT-32)
   Pin 'local_key[12]' is connected to logic 0. 
Warning: In design 'cde', a pin on submodule 'DEC' is connected to logic 1 or logic 0. (LINT-32)
   Pin 'local_key[11]' is connected to logic 0. 
Warning: In design 'cde', a pin on submodule 'DEC' is connected to logic 1 or logic 0. (LINT-32)
   Pin 'local_key[10]' is connected to logic 0. 
Warning: In design 'cde', a pin on submodule 'DEC' is connected to logic 1 or logic 0. (LINT-32)
   Pin 'local_key[9]' is connected to logic 0. 
Warning: In design 'cde', a pin on submodule 'DEC' is connected to logic 1 or logic 0. (LINT-32)
   Pin 'local_key[8]' is connected to logic 0. 
Warning: In design 'cde', a pin on submodule 'DEC' is connected to logic 1 or logic 0. (LINT-32)
   Pin 'local_key[7]' is connected to logic 0. 
Warning: In design 'cde', a pin on submodule 'DEC' is connected to logic 1 or logic 0. (LINT-32)
   Pin 'local_key[6]' is connected to logic 0. 
Warning: In design 'cde', a pin on submodule 'DEC' is connected to logic 1 or logic 0. (LINT-32)
   Pin 'local_key[5]' is connected to logic 0. 
Warning: In design 'cde', a pin on submodule 'DEC' is connected to logic 1 or logic 0. (LINT-32)
   Pin 'local_key[4]' is connected to logic 0. 
Warning: In design 'cde', a pin on submodule 'DEC' is connected to logic 1 or logic 0. (LINT-32)
   Pin 'local_key[3]' is connected to logic 0. 
Warning: In design 'cde', a pin on submodule 'DEC' is connected to logic 1 or logic 0. (LINT-32)
   Pin 'local_key[2]' is connected to logic 0. 
Warning: In design 'cde', a pin on submodule 'DEC' is connected to logic 1 or logic 0. (LINT-32)
   Pin 'local_key[1]' is connected to logic 0. 
Warning: In design 'cde', a pin on submodule 'DEC' is connected to logic 1 or logic 0. (LINT-32)
   Pin 'local_key[0]' is connected to logic 0. 
Warning: In design 'cde', the same net is connected to more than one pin on submodule 'DEC'. (LINT-33)
   Net '*Logic0*' is connected to pins 'local_key[127]', 'local_key[126]'', 'local_key[125]', 'local_key[124]', 'local_key[123]', 'local_key[122]', 'local_key[121]', 'local_key[120]', 'local_key[119]', 'local_key[118]', 'local_key[117]', 'local_key[116]', 'local_key[115]', 'local_key[114]', 'local_key[113]', 'local_key[112]', 'local_key[111]', 'local_key[110]', 'local_key[109]', 'local_key[108]', 'local_key[107]', 'local_key[106]', 'local_key[105]', 'local_key[104]', 'local_key[103]', 'local_key[102]', 'local_key[101]', 'local_key[100]', 'local_key[99]', 'local_key[98]', 'local_key[97]', 'local_key[96]', 'local_key[95]', 'local_key[94]', 'local_key[93]', 'local_key[92]', 'local_key[91]', 'local_key[90]', 'local_key[89]', 'local_key[88]', 'local_key[87]', 'local_key[86]', 'local_key[85]', 'local_key[84]', 'local_key[83]', 'local_key[82]', 'local_key[81]', 'local_key[80]', 'local_key[79]', 'local_key[78]', 'local_key[77]', 'local_key[76]', 'local_key[75]', 'local_key[74]', 'local_key[73]', 'local_key[72]', 'local_key[71]', 'local_key[70]', 'local_key[69]', 'local_key[68]', 'local_key[67]', 'local_key[66]', 'local_key[65]', 'local_key[64]', 'local_key[63]', 'local_key[62]', 'local_key[61]', 'local_key[60]', 'local_key[59]', 'local_key[58]', 'local_key[57]', 'local_key[56]', 'local_key[55]', 'local_key[54]', 'local_key[53]', 'local_key[52]', 'local_key[51]', 'local_key[50]', 'local_key[49]', 'local_key[48]', 'local_key[47]', 'local_key[46]', 'local_key[45]', 'local_key[44]', 'local_key[43]', 'local_key[42]', 'local_key[41]', 'local_key[40]', 'local_key[39]', 'local_key[38]', 'local_key[37]', 'local_key[36]', 'local_key[35]', 'local_key[34]', 'local_key[33]', 'local_key[32]', 'local_key[31]', 'local_key[30]', 'local_key[29]', 'local_key[28]', 'local_key[27]', 'local_key[26]', 'local_key[25]', 'local_key[24]', 'local_key[23]', 'local_key[22]', 'local_key[21]', 'local_key[20]', 'local_key[19]', 'local_key[18]', 'local_key[17]', 'local_key[16]', 'local_key[15]', 'local_key[14]', 'local_key[13]', 'local_key[12]', 'local_key[11]', 'local_key[10]', 'local_key[9]', 'local_key[8]', 'local_key[7]', 'local_key[6]', 'local_key[5]', 'local_key[4]', 'local_key[3]', 'local_key[2]', 'local_key[1]', 'local_key[0]'.
Warning: In design 'cam_DATA_WIDTH128_ADDR_WIDTH4', the same net is connected to more than one pin on submodule 'slice[0].ram_dp_inst'. (LINT-33)
   Net 'din[3]' is connected to pins 'a_din[3]', 'b_din[3]''.
Warning: In design 'cam_DATA_WIDTH128_ADDR_WIDTH4', the same net is connected to more than one pin on submodule 'slice[0].ram_dp_inst'. (LINT-33)
   Net 'din[2]' is connected to pins 'a_din[2]', 'b_din[2]''.
Warning: In design 'cam_DATA_WIDTH128_ADDR_WIDTH4', the same net is connected to more than one pin on submodule 'slice[0].ram_dp_inst'. (LINT-33)
   Net 'din[1]' is connected to pins 'a_din[1]', 'b_din[1]''.
Warning: In design 'cam_DATA_WIDTH128_ADDR_WIDTH4', the same net is connected to more than one pin on submodule 'slice[0].ram_dp_inst'. (LINT-33)
   Net 'din[0]' is connected to pins 'a_din[0]', 'b_din[0]''.
Warning: In design 'cam_DATA_WIDTH128_ADDR_WIDTH4', the same net is connected to more than one pin on submodule 'slice[1].ram_dp_inst'. (LINT-33)
   Net 'din[7]' is connected to pins 'a_din[3]', 'b_din[3]''.
Warning: In design 'cam_DATA_WIDTH128_ADDR_WIDTH4', the same net is connected to more than one pin on submodule 'slice[1].ram_dp_inst'. (LINT-33)
   Net 'din[6]' is connected to pins 'a_din[2]', 'b_din[2]''.
Warning: In design 'cam_DATA_WIDTH128_ADDR_WIDTH4', the same net is connected to more than one pin on submodule 'slice[1].ram_dp_inst'. (LINT-33)
   Net 'din[5]' is connected to pins 'a_din[1]', 'b_din[1]''.
Warning: In design 'cam_DATA_WIDTH128_ADDR_WIDTH4', the same net is connected to more than one pin on submodule 'slice[1].ram_dp_inst'. (LINT-33)
   Net 'din[4]' is connected to pins 'a_din[0]', 'b_din[0]''.
Warning: In design 'cam_DATA_WIDTH128_ADDR_WIDTH4', the same net is connected to more than one pin on submodule 'slice[2].ram_dp_inst'. (LINT-33)
   Net 'din[11]' is connected to pins 'a_din[3]', 'b_din[3]''.
Warning: In design 'cam_DATA_WIDTH128_ADDR_WIDTH4', the same net is connected to more than one pin on submodule 'slice[2].ram_dp_inst'. (LINT-33)
   Net 'din[10]' is connected to pins 'a_din[2]', 'b_din[2]''.
Warning: In design 'cam_DATA_WIDTH128_ADDR_WIDTH4', the same net is connected to more than one pin on submodule 'slice[2].ram_dp_inst'. (LINT-33)
   Net 'din[9]' is connected to pins 'a_din[1]', 'b_din[1]''.
Warning: In design 'cam_DATA_WIDTH128_ADDR_WIDTH4', the same net is connected to more than one pin on submodule 'slice[2].ram_dp_inst'. (LINT-33)
   Net 'din[8]' is connected to pins 'a_din[0]', 'b_din[0]''.
Warning: In design 'cam_DATA_WIDTH128_ADDR_WIDTH4', the same net is connected to more than one pin on submodule 'slice[3].ram_dp_inst'. (LINT-33)
   Net 'din[15]' is connected to pins 'a_din[3]', 'b_din[3]''.
Warning: In design 'cam_DATA_WIDTH128_ADDR_WIDTH4', the same net is connected to more than one pin on submodule 'slice[3].ram_dp_inst'. (LINT-33)
   Net 'din[14]' is connected to pins 'a_din[2]', 'b_din[2]''.
Warning: In design 'cam_DATA_WIDTH128_ADDR_WIDTH4', the same net is connected to more than one pin on submodule 'slice[3].ram_dp_inst'. (LINT-33)
   Net 'din[13]' is connected to pins 'a_din[1]', 'b_din[1]''.
Warning: In design 'cam_DATA_WIDTH128_ADDR_WIDTH4', the same net is connected to more than one pin on submodule 'slice[3].ram_dp_inst'. (LINT-33)
   Net 'din[12]' is connected to pins 'a_din[0]', 'b_din[0]''.
Warning: In design 'cam_DATA_WIDTH128_ADDR_WIDTH4', the same net is connected to more than one pin on submodule 'slice[4].ram_dp_inst'. (LINT-33)
   Net 'din[19]' is connected to pins 'a_din[3]', 'b_din[3]''.
Warning: In design 'cam_DATA_WIDTH128_ADDR_WIDTH4', the same net is connected to more than one pin on submodule 'slice[4].ram_dp_inst'. (LINT-33)
   Net 'din[18]' is connected to pins 'a_din[2]', 'b_din[2]''.
Warning: In design 'cam_DATA_WIDTH128_ADDR_WIDTH4', the same net is connected to more than one pin on submodule 'slice[4].ram_dp_inst'. (LINT-33)
   Net 'din[17]' is connected to pins 'a_din[1]', 'b_din[1]''.
Warning: In design 'cam_DATA_WIDTH128_ADDR_WIDTH4', the same net is connected to more than one pin on submodule 'slice[4].ram_dp_inst'. (LINT-33)
   Net 'din[16]' is connected to pins 'a_din[0]', 'b_din[0]''.
Warning: In design 'cam_DATA_WIDTH128_ADDR_WIDTH4', the same net is connected to more than one pin on submodule 'slice[5].ram_dp_inst'. (LINT-33)
   Net 'din[23]' is connected to pins 'a_din[3]', 'b_din[3]''.
Warning: In design 'cam_DATA_WIDTH128_ADDR_WIDTH4', the same net is connected to more than one pin on submodule 'slice[5].ram_dp_inst'. (LINT-33)
   Net 'din[22]' is connected to pins 'a_din[2]', 'b_din[2]''.
Warning: In design 'cam_DATA_WIDTH128_ADDR_WIDTH4', the same net is connected to more than one pin on submodule 'slice[5].ram_dp_inst'. (LINT-33)
   Net 'din[21]' is connected to pins 'a_din[1]', 'b_din[1]''.
Warning: In design 'cam_DATA_WIDTH128_ADDR_WIDTH4', the same net is connected to more than one pin on submodule 'slice[5].ram_dp_inst'. (LINT-33)
   Net 'din[20]' is connected to pins 'a_din[0]', 'b_din[0]''.
Warning: In design 'cam_DATA_WIDTH128_ADDR_WIDTH4', the same net is connected to more than one pin on submodule 'slice[6].ram_dp_inst'. (LINT-33)
   Net 'din[27]' is connected to pins 'a_din[3]', 'b_din[3]''.
Warning: In design 'cam_DATA_WIDTH128_ADDR_WIDTH4', the same net is connected to more than one pin on submodule 'slice[6].ram_dp_inst'. (LINT-33)
   Net 'din[26]' is connected to pins 'a_din[2]', 'b_din[2]''.
Warning: In design 'cam_DATA_WIDTH128_ADDR_WIDTH4', the same net is connected to more than one pin on submodule 'slice[6].ram_dp_inst'. (LINT-33)
   Net 'din[25]' is connected to pins 'a_din[1]', 'b_din[1]''.
Warning: In design 'cam_DATA_WIDTH128_ADDR_WIDTH4', the same net is connected to more than one pin on submodule 'slice[6].ram_dp_inst'. (LINT-33)
   Net 'din[24]' is connected to pins 'a_din[0]', 'b_din[0]''.
Warning: In design 'cam_DATA_WIDTH128_ADDR_WIDTH4', the same net is connected to more than one pin on submodule 'slice[7].ram_dp_inst'. (LINT-33)
   Net 'din[31]' is connected to pins 'a_din[3]', 'b_din[3]''.
Warning: In design 'cam_DATA_WIDTH128_ADDR_WIDTH4', the same net is connected to more than one pin on submodule 'slice[7].ram_dp_inst'. (LINT-33)
   Net 'din[30]' is connected to pins 'a_din[2]', 'b_din[2]''.
Warning: In design 'cam_DATA_WIDTH128_ADDR_WIDTH4', the same net is connected to more than one pin on submodule 'slice[7].ram_dp_inst'. (LINT-33)
   Net 'din[29]' is connected to pins 'a_din[1]', 'b_din[1]''.
Warning: In design 'cam_DATA_WIDTH128_ADDR_WIDTH4', the same net is connected to more than one pin on submodule 'slice[7].ram_dp_inst'. (LINT-33)
   Net 'din[28]' is connected to pins 'a_din[0]', 'b_din[0]''.
Warning: In design 'cam_DATA_WIDTH128_ADDR_WIDTH4', the same net is connected to more than one pin on submodule 'slice[8].ram_dp_inst'. (LINT-33)
   Net 'din[35]' is connected to pins 'a_din[3]', 'b_din[3]''.
Warning: In design 'cam_DATA_WIDTH128_ADDR_WIDTH4', the same net is connected to more than one pin on submodule 'slice[8].ram_dp_inst'. (LINT-33)
   Net 'din[34]' is connected to pins 'a_din[2]', 'b_din[2]''.
Warning: In design 'cam_DATA_WIDTH128_ADDR_WIDTH4', the same net is connected to more than one pin on submodule 'slice[8].ram_dp_inst'. (LINT-33)
   Net 'din[33]' is connected to pins 'a_din[1]', 'b_din[1]''.
Warning: In design 'cam_DATA_WIDTH128_ADDR_WIDTH4', the same net is connected to more than one pin on submodule 'slice[8].ram_dp_inst'. (LINT-33)
   Net 'din[32]' is connected to pins 'a_din[0]', 'b_din[0]''.
Warning: In design 'cam_DATA_WIDTH128_ADDR_WIDTH4', the same net is connected to more than one pin on submodule 'slice[9].ram_dp_inst'. (LINT-33)
   Net 'din[39]' is connected to pins 'a_din[3]', 'b_din[3]''.
Warning: In design 'cam_DATA_WIDTH128_ADDR_WIDTH4', the same net is connected to more than one pin on submodule 'slice[9].ram_dp_inst'. (LINT-33)
   Net 'din[38]' is connected to pins 'a_din[2]', 'b_din[2]''.
Warning: In design 'cam_DATA_WIDTH128_ADDR_WIDTH4', the same net is connected to more than one pin on submodule 'slice[9].ram_dp_inst'. (LINT-33)
   Net 'din[37]' is connected to pins 'a_din[1]', 'b_din[1]''.
Warning: In design 'cam_DATA_WIDTH128_ADDR_WIDTH4', the same net is connected to more than one pin on submodule 'slice[9].ram_dp_inst'. (LINT-33)
   Net 'din[36]' is connected to pins 'a_din[0]', 'b_din[0]''.
Warning: In design 'cam_DATA_WIDTH128_ADDR_WIDTH4', the same net is connected to more than one pin on submodule 'slice[10].ram_dp_inst'. (LINT-33)
   Net 'din[43]' is connected to pins 'a_din[3]', 'b_din[3]''.
Warning: In design 'cam_DATA_WIDTH128_ADDR_WIDTH4', the same net is connected to more than one pin on submodule 'slice[10].ram_dp_inst'. (LINT-33)
   Net 'din[42]' is connected to pins 'a_din[2]', 'b_din[2]''.
Warning: In design 'cam_DATA_WIDTH128_ADDR_WIDTH4', the same net is connected to more than one pin on submodule 'slice[10].ram_dp_inst'. (LINT-33)
   Net 'din[41]' is connected to pins 'a_din[1]', 'b_din[1]''.
Warning: In design 'cam_DATA_WIDTH128_ADDR_WIDTH4', the same net is connected to more than one pin on submodule 'slice[10].ram_dp_inst'. (LINT-33)
   Net 'din[40]' is connected to pins 'a_din[0]', 'b_din[0]''.
Warning: In design 'cam_DATA_WIDTH128_ADDR_WIDTH4', the same net is connected to more than one pin on submodule 'slice[11].ram_dp_inst'. (LINT-33)
   Net 'din[47]' is connected to pins 'a_din[3]', 'b_din[3]''.
Warning: In design 'cam_DATA_WIDTH128_ADDR_WIDTH4', the same net is connected to more than one pin on submodule 'slice[11].ram_dp_inst'. (LINT-33)
   Net 'din[46]' is connected to pins 'a_din[2]', 'b_din[2]''.
Warning: In design 'cam_DATA_WIDTH128_ADDR_WIDTH4', the same net is connected to more than one pin on submodule 'slice[11].ram_dp_inst'. (LINT-33)
   Net 'din[45]' is connected to pins 'a_din[1]', 'b_din[1]''.
Warning: In design 'cam_DATA_WIDTH128_ADDR_WIDTH4', the same net is connected to more than one pin on submodule 'slice[11].ram_dp_inst'. (LINT-33)
   Net 'din[44]' is connected to pins 'a_din[0]', 'b_din[0]''.
Warning: In design 'cam_DATA_WIDTH128_ADDR_WIDTH4', the same net is connected to more than one pin on submodule 'slice[12].ram_dp_inst'. (LINT-33)
   Net 'din[51]' is connected to pins 'a_din[3]', 'b_din[3]''.
Warning: In design 'cam_DATA_WIDTH128_ADDR_WIDTH4', the same net is connected to more than one pin on submodule 'slice[12].ram_dp_inst'. (LINT-33)
   Net 'din[50]' is connected to pins 'a_din[2]', 'b_din[2]''.
Warning: In design 'cam_DATA_WIDTH128_ADDR_WIDTH4', the same net is connected to more than one pin on submodule 'slice[12].ram_dp_inst'. (LINT-33)
   Net 'din[49]' is connected to pins 'a_din[1]', 'b_din[1]''.
Warning: In design 'cam_DATA_WIDTH128_ADDR_WIDTH4', the same net is connected to more than one pin on submodule 'slice[12].ram_dp_inst'. (LINT-33)
   Net 'din[48]' is connected to pins 'a_din[0]', 'b_din[0]''.
Warning: In design 'cam_DATA_WIDTH128_ADDR_WIDTH4', the same net is connected to more than one pin on submodule 'slice[13].ram_dp_inst'. (LINT-33)
   Net 'din[55]' is connected to pins 'a_din[3]', 'b_din[3]''.
Warning: In design 'cam_DATA_WIDTH128_ADDR_WIDTH4', the same net is connected to more than one pin on submodule 'slice[13].ram_dp_inst'. (LINT-33)
   Net 'din[54]' is connected to pins 'a_din[2]', 'b_din[2]''.
Warning: In design 'cam_DATA_WIDTH128_ADDR_WIDTH4', the same net is connected to more than one pin on submodule 'slice[13].ram_dp_inst'. (LINT-33)
   Net 'din[53]' is connected to pins 'a_din[1]', 'b_din[1]''.
Warning: In design 'cam_DATA_WIDTH128_ADDR_WIDTH4', the same net is connected to more than one pin on submodule 'slice[13].ram_dp_inst'. (LINT-33)
   Net 'din[52]' is connected to pins 'a_din[0]', 'b_din[0]''.
Warning: In design 'cam_DATA_WIDTH128_ADDR_WIDTH4', the same net is connected to more than one pin on submodule 'slice[14].ram_dp_inst'. (LINT-33)
   Net 'din[59]' is connected to pins 'a_din[3]', 'b_din[3]''.
Warning: In design 'cam_DATA_WIDTH128_ADDR_WIDTH4', the same net is connected to more than one pin on submodule 'slice[14].ram_dp_inst'. (LINT-33)
   Net 'din[58]' is connected to pins 'a_din[2]', 'b_din[2]''.
Warning: In design 'cam_DATA_WIDTH128_ADDR_WIDTH4', the same net is connected to more than one pin on submodule 'slice[14].ram_dp_inst'. (LINT-33)
   Net 'din[57]' is connected to pins 'a_din[1]', 'b_din[1]''.
Warning: In design 'cam_DATA_WIDTH128_ADDR_WIDTH4', the same net is connected to more than one pin on submodule 'slice[14].ram_dp_inst'. (LINT-33)
   Net 'din[56]' is connected to pins 'a_din[0]', 'b_din[0]''.
Warning: In design 'cam_DATA_WIDTH128_ADDR_WIDTH4', the same net is connected to more than one pin on submodule 'slice[15].ram_dp_inst'. (LINT-33)
   Net 'din[63]' is connected to pins 'a_din[3]', 'b_din[3]''.
Warning: In design 'cam_DATA_WIDTH128_ADDR_WIDTH4', the same net is connected to more than one pin on submodule 'slice[15].ram_dp_inst'. (LINT-33)
   Net 'din[62]' is connected to pins 'a_din[2]', 'b_din[2]''.
Warning: In design 'cam_DATA_WIDTH128_ADDR_WIDTH4', the same net is connected to more than one pin on submodule 'slice[15].ram_dp_inst'. (LINT-33)
   Net 'din[61]' is connected to pins 'a_din[1]', 'b_din[1]''.
Warning: In design 'cam_DATA_WIDTH128_ADDR_WIDTH4', the same net is connected to more than one pin on submodule 'slice[15].ram_dp_inst'. (LINT-33)
   Net 'din[60]' is connected to pins 'a_din[0]', 'b_din[0]''.
Warning: In design 'cam_DATA_WIDTH128_ADDR_WIDTH4', the same net is connected to more than one pin on submodule 'slice[16].ram_dp_inst'. (LINT-33)
   Net 'din[67]' is connected to pins 'a_din[3]', 'b_din[3]''.
Warning: In design 'cam_DATA_WIDTH128_ADDR_WIDTH4', the same net is connected to more than one pin on submodule 'slice[16].ram_dp_inst'. (LINT-33)
   Net 'din[66]' is connected to pins 'a_din[2]', 'b_din[2]''.
Warning: In design 'cam_DATA_WIDTH128_ADDR_WIDTH4', the same net is connected to more than one pin on submodule 'slice[16].ram_dp_inst'. (LINT-33)
   Net 'din[65]' is connected to pins 'a_din[1]', 'b_din[1]''.
Warning: In design 'cam_DATA_WIDTH128_ADDR_WIDTH4', the same net is connected to more than one pin on submodule 'slice[16].ram_dp_inst'. (LINT-33)
   Net 'din[64]' is connected to pins 'a_din[0]', 'b_din[0]''.
Warning: In design 'cam_DATA_WIDTH128_ADDR_WIDTH4', the same net is connected to more than one pin on submodule 'slice[17].ram_dp_inst'. (LINT-33)
   Net 'din[71]' is connected to pins 'a_din[3]', 'b_din[3]''.
Warning: In design 'cam_DATA_WIDTH128_ADDR_WIDTH4', the same net is connected to more than one pin on submodule 'slice[17].ram_dp_inst'. (LINT-33)
   Net 'din[70]' is connected to pins 'a_din[2]', 'b_din[2]''.
Warning: In design 'cam_DATA_WIDTH128_ADDR_WIDTH4', the same net is connected to more than one pin on submodule 'slice[17].ram_dp_inst'. (LINT-33)
   Net 'din[69]' is connected to pins 'a_din[1]', 'b_din[1]''.
Warning: In design 'cam_DATA_WIDTH128_ADDR_WIDTH4', the same net is connected to more than one pin on submodule 'slice[17].ram_dp_inst'. (LINT-33)
   Net 'din[68]' is connected to pins 'a_din[0]', 'b_din[0]''.
Warning: In design 'cam_DATA_WIDTH128_ADDR_WIDTH4', the same net is connected to more than one pin on submodule 'slice[18].ram_dp_inst'. (LINT-33)
   Net 'din[75]' is connected to pins 'a_din[3]', 'b_din[3]''.
Warning: In design 'cam_DATA_WIDTH128_ADDR_WIDTH4', the same net is connected to more than one pin on submodule 'slice[18].ram_dp_inst'. (LINT-33)
   Net 'din[74]' is connected to pins 'a_din[2]', 'b_din[2]''.
Warning: In design 'cam_DATA_WIDTH128_ADDR_WIDTH4', the same net is connected to more than one pin on submodule 'slice[18].ram_dp_inst'. (LINT-33)
   Net 'din[73]' is connected to pins 'a_din[1]', 'b_din[1]''.
Warning: In design 'cam_DATA_WIDTH128_ADDR_WIDTH4', the same net is connected to more than one pin on submodule 'slice[18].ram_dp_inst'. (LINT-33)
   Net 'din[72]' is connected to pins 'a_din[0]', 'b_din[0]''.
Warning: In design 'cam_DATA_WIDTH128_ADDR_WIDTH4', the same net is connected to more than one pin on submodule 'slice[19].ram_dp_inst'. (LINT-33)
   Net 'din[79]' is connected to pins 'a_din[3]', 'b_din[3]''.
Warning: In design 'cam_DATA_WIDTH128_ADDR_WIDTH4', the same net is connected to more than one pin on submodule 'slice[19].ram_dp_inst'. (LINT-33)
   Net 'din[78]' is connected to pins 'a_din[2]', 'b_din[2]''.
Warning: In design 'cam_DATA_WIDTH128_ADDR_WIDTH4', the same net is connected to more than one pin on submodule 'slice[19].ram_dp_inst'. (LINT-33)
   Net 'din[77]' is connected to pins 'a_din[1]', 'b_din[1]''.
Warning: In design 'cam_DATA_WIDTH128_ADDR_WIDTH4', the same net is connected to more than one pin on submodule 'slice[19].ram_dp_inst'. (LINT-33)
   Net 'din[76]' is connected to pins 'a_din[0]', 'b_din[0]''.
Warning: In design 'cam_DATA_WIDTH128_ADDR_WIDTH4', the same net is connected to more than one pin on submodule 'slice[20].ram_dp_inst'. (LINT-33)
   Net 'din[83]' is connected to pins 'a_din[3]', 'b_din[3]''.
Warning: In design 'cam_DATA_WIDTH128_ADDR_WIDTH4', the same net is connected to more than one pin on submodule 'slice[20].ram_dp_inst'. (LINT-33)
   Net 'din[82]' is connected to pins 'a_din[2]', 'b_din[2]''.
Warning: In design 'cam_DATA_WIDTH128_ADDR_WIDTH4', the same net is connected to more than one pin on submodule 'slice[20].ram_dp_inst'. (LINT-33)
   Net 'din[81]' is connected to pins 'a_din[1]', 'b_din[1]''.
Warning: In design 'cam_DATA_WIDTH128_ADDR_WIDTH4', the same net is connected to more than one pin on submodule 'slice[20].ram_dp_inst'. (LINT-33)
   Net 'din[80]' is connected to pins 'a_din[0]', 'b_din[0]''.
Warning: In design 'cam_DATA_WIDTH128_ADDR_WIDTH4', the same net is connected to more than one pin on submodule 'slice[21].ram_dp_inst'. (LINT-33)
   Net 'din[87]' is connected to pins 'a_din[3]', 'b_din[3]''.
Warning: In design 'cam_DATA_WIDTH128_ADDR_WIDTH4', the same net is connected to more than one pin on submodule 'slice[21].ram_dp_inst'. (LINT-33)
   Net 'din[86]' is connected to pins 'a_din[2]', 'b_din[2]''.
Warning: In design 'cam_DATA_WIDTH128_ADDR_WIDTH4', the same net is connected to more than one pin on submodule 'slice[21].ram_dp_inst'. (LINT-33)
   Net 'din[85]' is connected to pins 'a_din[1]', 'b_din[1]''.
Warning: In design 'cam_DATA_WIDTH128_ADDR_WIDTH4', the same net is connected to more than one pin on submodule 'slice[21].ram_dp_inst'. (LINT-33)
   Net 'din[84]' is connected to pins 'a_din[0]', 'b_din[0]''.
Warning: In design 'cam_DATA_WIDTH128_ADDR_WIDTH4', the same net is connected to more than one pin on submodule 'slice[22].ram_dp_inst'. (LINT-33)
   Net 'din[91]' is connected to pins 'a_din[3]', 'b_din[3]''.
Warning: In design 'cam_DATA_WIDTH128_ADDR_WIDTH4', the same net is connected to more than one pin on submodule 'slice[22].ram_dp_inst'. (LINT-33)
   Net 'din[90]' is connected to pins 'a_din[2]', 'b_din[2]''.
Warning: In design 'cam_DATA_WIDTH128_ADDR_WIDTH4', the same net is connected to more than one pin on submodule 'slice[22].ram_dp_inst'. (LINT-33)
   Net 'din[89]' is connected to pins 'a_din[1]', 'b_din[1]''.
Warning: In design 'cam_DATA_WIDTH128_ADDR_WIDTH4', the same net is connected to more than one pin on submodule 'slice[22].ram_dp_inst'. (LINT-33)
   Net 'din[88]' is connected to pins 'a_din[0]', 'b_din[0]''.
Warning: In design 'cam_DATA_WIDTH128_ADDR_WIDTH4', the same net is connected to more than one pin on submodule 'slice[23].ram_dp_inst'. (LINT-33)
   Net 'din[95]' is connected to pins 'a_din[3]', 'b_din[3]''.
Warning: In design 'cam_DATA_WIDTH128_ADDR_WIDTH4', the same net is connected to more than one pin on submodule 'slice[23].ram_dp_inst'. (LINT-33)
   Net 'din[94]' is connected to pins 'a_din[2]', 'b_din[2]''.
Warning: In design 'cam_DATA_WIDTH128_ADDR_WIDTH4', the same net is connected to more than one pin on submodule 'slice[23].ram_dp_inst'. (LINT-33)
   Net 'din[93]' is connected to pins 'a_din[1]', 'b_din[1]''.
Warning: In design 'cam_DATA_WIDTH128_ADDR_WIDTH4', the same net is connected to more than one pin on submodule 'slice[23].ram_dp_inst'. (LINT-33)
   Net 'din[92]' is connected to pins 'a_din[0]', 'b_din[0]''.
Warning: In design 'cam_DATA_WIDTH128_ADDR_WIDTH4', the same net is connected to more than one pin on submodule 'slice[24].ram_dp_inst'. (LINT-33)
   Net 'din[99]' is connected to pins 'a_din[3]', 'b_din[3]''.
Warning: In design 'cam_DATA_WIDTH128_ADDR_WIDTH4', the same net is connected to more than one pin on submodule 'slice[24].ram_dp_inst'. (LINT-33)
   Net 'din[98]' is connected to pins 'a_din[2]', 'b_din[2]''.
Warning: In design 'cam_DATA_WIDTH128_ADDR_WIDTH4', the same net is connected to more than one pin on submodule 'slice[24].ram_dp_inst'. (LINT-33)
   Net 'din[97]' is connected to pins 'a_din[1]', 'b_din[1]''.
Warning: In design 'cam_DATA_WIDTH128_ADDR_WIDTH4', the same net is connected to more than one pin on submodule 'slice[24].ram_dp_inst'. (LINT-33)
   Net 'din[96]' is connected to pins 'a_din[0]', 'b_din[0]''.
Warning: In design 'cam_DATA_WIDTH128_ADDR_WIDTH4', the same net is connected to more than one pin on submodule 'slice[25].ram_dp_inst'. (LINT-33)
   Net 'din[103]' is connected to pins 'a_din[3]', 'b_din[3]''.
Warning: In design 'cam_DATA_WIDTH128_ADDR_WIDTH4', the same net is connected to more than one pin on submodule 'slice[25].ram_dp_inst'. (LINT-33)
   Net 'din[102]' is connected to pins 'a_din[2]', 'b_din[2]''.
Warning: In design 'cam_DATA_WIDTH128_ADDR_WIDTH4', the same net is connected to more than one pin on submodule 'slice[25].ram_dp_inst'. (LINT-33)
   Net 'din[101]' is connected to pins 'a_din[1]', 'b_din[1]''.
Warning: In design 'cam_DATA_WIDTH128_ADDR_WIDTH4', the same net is connected to more than one pin on submodule 'slice[25].ram_dp_inst'. (LINT-33)
   Net 'din[100]' is connected to pins 'a_din[0]', 'b_din[0]''.
Warning: In design 'cam_DATA_WIDTH128_ADDR_WIDTH4', the same net is connected to more than one pin on submodule 'slice[26].ram_dp_inst'. (LINT-33)
   Net 'din[107]' is connected to pins 'a_din[3]', 'b_din[3]''.
Warning: In design 'cam_DATA_WIDTH128_ADDR_WIDTH4', the same net is connected to more than one pin on submodule 'slice[26].ram_dp_inst'. (LINT-33)
   Net 'din[106]' is connected to pins 'a_din[2]', 'b_din[2]''.
Warning: In design 'cam_DATA_WIDTH128_ADDR_WIDTH4', the same net is connected to more than one pin on submodule 'slice[26].ram_dp_inst'. (LINT-33)
   Net 'din[105]' is connected to pins 'a_din[1]', 'b_din[1]''.
Warning: In design 'cam_DATA_WIDTH128_ADDR_WIDTH4', the same net is connected to more than one pin on submodule 'slice[26].ram_dp_inst'. (LINT-33)
   Net 'din[104]' is connected to pins 'a_din[0]', 'b_din[0]''.
Warning: In design 'cam_DATA_WIDTH128_ADDR_WIDTH4', the same net is connected to more than one pin on submodule 'slice[27].ram_dp_inst'. (LINT-33)
   Net 'din[111]' is connected to pins 'a_din[3]', 'b_din[3]''.
Warning: In design 'cam_DATA_WIDTH128_ADDR_WIDTH4', the same net is connected to more than one pin on submodule 'slice[27].ram_dp_inst'. (LINT-33)
   Net 'din[110]' is connected to pins 'a_din[2]', 'b_din[2]''.
Warning: In design 'cam_DATA_WIDTH128_ADDR_WIDTH4', the same net is connected to more than one pin on submodule 'slice[27].ram_dp_inst'. (LINT-33)
   Net 'din[109]' is connected to pins 'a_din[1]', 'b_din[1]''.
Warning: In design 'cam_DATA_WIDTH128_ADDR_WIDTH4', the same net is connected to more than one pin on submodule 'slice[27].ram_dp_inst'. (LINT-33)
   Net 'din[108]' is connected to pins 'a_din[0]', 'b_din[0]''.
Warning: In design 'cam_DATA_WIDTH128_ADDR_WIDTH4', the same net is connected to more than one pin on submodule 'slice[28].ram_dp_inst'. (LINT-33)
   Net 'din[115]' is connected to pins 'a_din[3]', 'b_din[3]''.
Warning: In design 'cam_DATA_WIDTH128_ADDR_WIDTH4', the same net is connected to more than one pin on submodule 'slice[28].ram_dp_inst'. (LINT-33)
   Net 'din[114]' is connected to pins 'a_din[2]', 'b_din[2]''.
Warning: In design 'cam_DATA_WIDTH128_ADDR_WIDTH4', the same net is connected to more than one pin on submodule 'slice[28].ram_dp_inst'. (LINT-33)
   Net 'din[113]' is connected to pins 'a_din[1]', 'b_din[1]''.
Warning: In design 'cam_DATA_WIDTH128_ADDR_WIDTH4', the same net is connected to more than one pin on submodule 'slice[28].ram_dp_inst'. (LINT-33)
   Net 'din[112]' is connected to pins 'a_din[0]', 'b_din[0]''.
Warning: In design 'cam_DATA_WIDTH128_ADDR_WIDTH4', the same net is connected to more than one pin on submodule 'slice[29].ram_dp_inst'. (LINT-33)
   Net 'din[119]' is connected to pins 'a_din[3]', 'b_din[3]''.
Warning: In design 'cam_DATA_WIDTH128_ADDR_WIDTH4', the same net is connected to more than one pin on submodule 'slice[29].ram_dp_inst'. (LINT-33)
   Net 'din[118]' is connected to pins 'a_din[2]', 'b_din[2]''.
Warning: In design 'cam_DATA_WIDTH128_ADDR_WIDTH4', the same net is connected to more than one pin on submodule 'slice[29].ram_dp_inst'. (LINT-33)
   Net 'din[117]' is connected to pins 'a_din[1]', 'b_din[1]''.
Warning: In design 'cam_DATA_WIDTH128_ADDR_WIDTH4', the same net is connected to more than one pin on submodule 'slice[29].ram_dp_inst'. (LINT-33)
   Net 'din[116]' is connected to pins 'a_din[0]', 'b_din[0]''.
Warning: In design 'cam_DATA_WIDTH128_ADDR_WIDTH4', the same net is connected to more than one pin on submodule 'slice[30].ram_dp_inst'. (LINT-33)
   Net 'din[123]' is connected to pins 'a_din[3]', 'b_din[3]''.
Warning: In design 'cam_DATA_WIDTH128_ADDR_WIDTH4', the same net is connected to more than one pin on submodule 'slice[30].ram_dp_inst'. (LINT-33)
   Net 'din[122]' is connected to pins 'a_din[2]', 'b_din[2]''.
Warning: In design 'cam_DATA_WIDTH128_ADDR_WIDTH4', the same net is connected to more than one pin on submodule 'slice[30].ram_dp_inst'. (LINT-33)
   Net 'din[121]' is connected to pins 'a_din[1]', 'b_din[1]''.
Warning: In design 'cam_DATA_WIDTH128_ADDR_WIDTH4', the same net is connected to more than one pin on submodule 'slice[30].ram_dp_inst'. (LINT-33)
   Net 'din[120]' is connected to pins 'a_din[0]', 'b_din[0]''.
Warning: In design 'cam_DATA_WIDTH128_ADDR_WIDTH4', the same net is connected to more than one pin on submodule 'slice[31].ram_dp_inst'. (LINT-33)
   Net 'din[127]' is connected to pins 'a_din[3]', 'b_din[3]''.
Warning: In design 'cam_DATA_WIDTH128_ADDR_WIDTH4', the same net is connected to more than one pin on submodule 'slice[31].ram_dp_inst'. (LINT-33)
   Net 'din[126]' is connected to pins 'a_din[2]', 'b_din[2]''.
Warning: In design 'cam_DATA_WIDTH128_ADDR_WIDTH4', the same net is connected to more than one pin on submodule 'slice[31].ram_dp_inst'. (LINT-33)
   Net 'din[125]' is connected to pins 'a_din[1]', 'b_din[1]''.
Warning: In design 'cam_DATA_WIDTH128_ADDR_WIDTH4', the same net is connected to more than one pin on submodule 'slice[31].ram_dp_inst'. (LINT-33)
   Net 'din[124]' is connected to pins 'a_din[0]', 'b_din[0]''.
1
